#
# There is insufficient memory for the Java Runtime Environment to continue.
# Native memory allocation (malloc) failed to allocate 345616 bytes for Chunk::new
# Possible reasons:
#   The system is out of physical RAM or swap space
#   The process is running with CompressedOops enabled, and the Java Heap may be blocking the growth of the native heap
# Possible solutions:
#   Reduce memory load on the system
#   Increase physical memory or swap space
#   Check if swap backing store is full
#   Decrease Java heap size (-Xmx/-Xms)
#   Decrease number of Java threads
#   Decrease Java thread stack sizes (-Xss)
#   Set larger code cache with -XX:ReservedCodeCacheSize=
#   JVM is running with Zero Based Compressed Oops mode in which the Java heap is
#     placed in the first 32GB address space. The Java Heap base address is the
#     maximum limit for the native heap growth. Please use -XX:HeapBaseMinAddress
#     to set the Java Heap base and to place the Java Heap above 32GB virtual address.
# This output file may be truncated or incomplete.
#
#  Out of Memory Error (allocation.cpp:389), pid=21176, tid=0x0000000000003370
#
# JRE version: OpenJDK Runtime Environment (8.0_242-b01) (build 1.8.0_242-release-1644-b01)
# Java VM: OpenJDK 64-Bit Server VM (25.242-b01 mixed mode windows-amd64 compressed oops)
# Failed to write core dump. Minidumps are not enabled by default on client versions of Windows
#

---------------  T H R E A D  ---------------

Current thread (0x000000001db88800):  JavaThread "Unknown thread" [_thread_in_native, id=13168, stack(0x000000001f1e0000,0x000000001f2e0000)]

Stack: [0x000000001f1e0000,0x000000001f2e0000]
[error occurred during error reporting (printing stack bounds), id 0xc0000005]

Native frames: (J=compiled Java code, j=interpreted, Vv=VM code, C=native code)


Current CompileTask:
C2:   1531 1910   !   4       java.net.URL::<init> (543 bytes)


---------------  P R O C E S S  ---------------

Java Threads: ( => current thread )
  0x000000001dc23800 
[error occurred during error reporting (printing all threads), id 0xc0000005]

VM state:at safepoint (normal execution)

VM Mutex/Monitor currently owned by a thread:  ([mutex/lock_event])
[0x0000000000dae580] Threads_lock - owner thread: 0x000000001c485800
[0x0000000000dade00] Heap_lock - owner thread: 0x0000000002793000

heap address: 0x00000006c2600000, size: 4058 MB, Compressed Oops mode: Zero based, Oop shift amount: 3
Narrow klass base: 0x0000000000000000, Narrow klass shift: 3
Compressed class space size: 1073741824 Address: 0x00000007c0000000

Heap:
 PSYoungGen      total 75776K, used 0K [0x000000076b780000, 0x0000000770c00000, 0x00000007c0000000)
  eden space 65024K, 0% used [0x000000076b780000,0x000000076b780000,0x000000076f700000)
  from space 10752K, 0% used [0x0000000770180000,0x0000000770180000,0x0000000770c00000)
  to   space 10752K, 0% used [0x000000076f700000,0x000000076f700000,0x0000000770180000)
 ParOldGen       total 137216K, used 31254K [0x00000006c2600000, 0x00000006cac00000, 0x000000076b780000)
  object space 137216K, 22% used [0x00000006c2600000,0x00000006c4485ad0,0x00000006cac00000)
 Metaspace       used 27988K, capacity 28486K, committed 28544K, reserved 1081344K
  class space    used 3540K, capacity 3698K, committed 3712K, reserved 1048576K

Card table byte_map: [0x0000000011c50000,0x0000000012440000] byte_map_base: 0x000000000e63d000

Marking Bits: (ParMarkBitMap*) 0x00000000707ef030
 Begin Bits: [0x0000000013390000, 0x00000000172f8000)
 End Bits:   [0x00000000172f8000, 0x000000001b260000)

Polling page: 0x0000000000d90000

CodeCache: size=245760Kb used=6165Kb max_used=6165Kb free=239594Kb
 bounds [0x0000000002890000, 0x0000000002ea0000, 0x0000000011890000]
 total_blobs=2529 nmethods=2069 adapters=373
 compilation: enabled

Compilation events (10 events):
Event: 1.337 Thread 0x000000001db95000 1909       3       kotlin.reflect.jvm.internal.pcollections.HashPMap::get (54 bytes)
Event: 1.337 Thread 0x000000001db95000 nmethod 1909 0x0000000002e30c50 code [0x0000000002e30e20, 0x0000000002e317a8]
Event: 1.337 Thread 0x000000001db88800 nmethod 1900 0x0000000002e3da50 code [0x0000000002e3dc00, 0x0000000002e3e308]
Event: 1.337 Thread 0x000000001db88800 1902       4       gnu.trove.THashMap::get (21 bytes)
Event: 1.341 Thread 0x000000001db88800 nmethod 1902 0x0000000002e3e810 code [0x0000000002e3e9a0, 0x0000000002e3eee8]
Event: 1.341 Thread 0x000000001db88800 1906       4       java.lang.Character::toLowerCase (6 bytes)
Event: 1.341 Thread 0x000000001db88800 nmethod 1906 0x0000000002e2cf90 code [0x0000000002e2d0c0, 0x0000000002e2d198]
Event: 1.341 Thread 0x000000001db88800 1847       4       org.jetbrains.kotlin.com.intellij.openapi.vfs.impl.ZipHandlerBase::store (74 bytes)
Event: 1.347 Thread 0x000000001db88800 nmethod 1847 0x0000000002e3f510 code [0x0000000002e3f6a0, 0x0000000002e3fd38]
Event: 1.347 Thread 0x000000001db88800 1910   !   4       java.net.URL::<init> (543 bytes)

GC Heap History (6 events):
Event: 0.725 GC heap before
{Heap before GC invocations=1 (full 0):
 PSYoungGen      total 75776K, used 65024K [0x000000076b780000, 0x0000000770c00000, 0x00000007c0000000)
  eden space 65024K, 100% used [0x000000076b780000,0x000000076f700000,0x000000076f700000)
  from space 10752K, 0% used [0x0000000770180000,0x0000000770180000,0x0000000770c00000)
  to   space 10752K, 0% used [0x000000076f700000,0x000000076f700000,0x0000000770180000)
 ParOldGen       total 173568K, used 0K [0x00000006c2600000, 0x00000006ccf80000, 0x000000076b780000)
  object space 173568K, 0% used [0x00000006c2600000,0x00000006c2600000,0x00000006ccf80000)
 Metaspace       used 15488K, capacity 15708K, committed 16000K, reserved 1062912K
  class space    used 1759K, capacity 1837K, committed 1920K, reserved 1048576K
Event: 0.733 GC heap after
Heap after GC invocations=1 (full 0):
 PSYoungGen      total 75776K, used 10750K [0x000000076b780000, 0x0000000770c00000, 0x00000007c0000000)
  eden space 65024K, 0% used [0x000000076b780000,0x000000076b780000,0x000000076f700000)
  from space 10752K, 99% used [0x000000076f700000,0x000000077017f8e8,0x0000000770180000)
  to   space 10752K, 0% used [0x0000000770180000,0x0000000770180000,0x0000000770c00000)
 ParOldGen       total 173568K, used 4590K [0x00000006c2600000, 0x00000006ccf80000, 0x000000076b780000)
  object space 173568K, 2% used [0x00000006c2600000,0x00000006c2a7ba28,0x00000006ccf80000)
 Metaspace       used 15488K, capacity 15708K, committed 16000K, reserved 1062912K
  class space    used 1759K, capacity 1837K, committed 1920K, reserved 1048576K
}
Event: 0.956 GC heap before
{Heap before GC invocations=2 (full 0):
 PSYoungGen      total 75776K, used 44344K [0x000000076b780000, 0x0000000770c00000, 0x00000007c0000000)
  eden space 65024K, 51% used [0x000000076b780000,0x000000076d84e748,0x000000076f700000)
  from space 10752K, 99% used [0x000000076f700000,0x000000077017f8e8,0x0000000770180000)
  to   space 10752K, 0% used [0x0000000770180000,0x0000000770180000,0x0000000770c00000)
 ParOldGen       total 173568K, used 4590K [0x00000006c2600000, 0x00000006ccf80000, 0x000000076b780000)
  object space 173568K, 2% used [0x00000006c2600000,0x00000006c2a7ba28,0x00000006ccf80000)
 Metaspace       used 20727K, capacity 21100K, committed 21248K, reserved 1069056K
  class space    used 2366K, capacity 2505K, committed 2560K, reserved 1048576K
Event: 0.964 GC heap after
Heap after GC invocations=2 (full 0):
 PSYoungGen      total 75776K, used 10737K [0x000000076b780000, 0x0000000770c00000, 0x00000007c0000000)
  eden space 65024K, 0% used [0x000000076b780000,0x000000076b780000,0x000000076f700000)
  from space 10752K, 99% used [0x0000000770180000,0x0000000770bfc6a0,0x0000000770c00000)
  to   space 10752K, 0% used [0x000000076f700000,0x000000076f700000,0x0000000770180000)
 ParOldGen       total 173568K, used 16444K [0x00000006c2600000, 0x00000006ccf80000, 0x000000076b780000)
  object space 173568K, 9% used [0x00000006c2600000,0x00000006c360f060,0x00000006ccf80000)
 Metaspace       used 20727K, capacity 21100K, committed 21248K, reserved 1069056K
  class space    used 2366K, capacity 2505K, committed 2560K, reserved 1048576K
}
Event: 0.964 GC heap before
{Heap before GC invocations=3 (full 1):
 PSYoungGen      total 75776K, used 10737K [0x000000076b780000, 0x0000000770c00000, 0x00000007c0000000)
  eden space 65024K, 0% used [0x000000076b780000,0x000000076b780000,0x000000076f700000)
  from space 10752K, 99% used [0x0000000770180000,0x0000000770bfc6a0,0x0000000770c00000)
  to   space 10752K, 0% used [0x000000076f700000,0x000000076f700000,0x0000000770180000)
 ParOldGen       total 173568K, used 16444K [0x00000006c2600000, 0x00000006ccf80000, 0x000000076b780000)
  object space 173568K, 9% used [0x00000006c2600000,0x00000006c360f060,0x00000006ccf80000)
 Metaspace       used 20727K, capacity 21100K, committed 21248K, reserved 1069056K
  class space    used 2366K, capacity 2505K, committed 2560K, reserved 1048576K
Event: 0.992 GC heap after
Heap after GC invocations=3 (full 1):
 PSYoungGen      total 75776K, used 0K [0x000000076b780000, 0x0000000770c00000, 0x00000007c0000000)
  eden space 65024K, 0% used [0x000000076b780000,0x000000076b780000,0x000000076f700000)
  from space 10752K, 0% used [0x0000000770180000,0x0000000770180000,0x0000000770c00000)
  to   space 10752K, 0% used [0x000000076f700000,0x000000076f700000,0x0000000770180000)
 ParOldGen       total 137216K, used 22364K [0x00000006c2600000, 0x00000006cac00000, 0x000000076b780000)
  object space 137216K, 16% used [0x00000006c2600000,0x00000006c3bd7200,0x00000006cac00000)
 Metaspace       used 20727K, capacity 21100K, committed 21248K, reserved 1069056K
  class space    used 2366K, capacity 2505K, committed 2560K, reserved 1048576K
}

Deoptimization events (10 events):
Event: 1.285 Thread 0x0000000002793000 Uncommon trap: reason=class_check action=maybe_recompile pc=0x0000000002e09f34 method=gnu.trove.TObjectHash.computeHashCode(Ljava/lang/Object;)I @ 5
Event: 1.285 Thread 0x0000000002793000 Uncommon trap: reason=class_check action=maybe_recompile pc=0x0000000002df57c8 method=gnu.trove.TObjectHash.equals(Ljava/lang/Object;Ljava/lang/Object;)Z @ 6
Event: 1.285 Thread 0x0000000002793000 Uncommon trap: reason=class_check action=maybe_recompile pc=0x0000000002df57c8 method=gnu.trove.TObjectHash.equals(Ljava/lang/Object;Ljava/lang/Object;)Z @ 6
Event: 1.285 Thread 0x0000000002793000 Uncommon trap: reason=class_check action=maybe_recompile pc=0x0000000002dcd580 method=org.jetbrains.kotlin.com.intellij.util.text.ByteArrayCharSequence.toBytesIfPossible(Ljava/lang/CharSequence;)[B @ 25
Event: 1.285 Thread 0x0000000002793000 Uncommon trap: reason=class_check action=maybe_recompile pc=0x0000000002e09f34 method=gnu.trove.TObjectHash.computeHashCode(Ljava/lang/Object;)I @ 5
Event: 1.285 Thread 0x0000000002793000 Uncommon trap: reason=class_check action=maybe_recompile pc=0x0000000002dcd580 method=org.jetbrains.kotlin.com.intellij.util.text.ByteArrayCharSequence.toBytesIfPossible(Ljava/lang/CharSequence;)[B @ 25
Event: 1.286 Thread 0x0000000002793000 Uncommon trap: reason=class_check action=maybe_recompile pc=0x0000000002e09f34 method=gnu.trove.TObjectHash.computeHashCode(Ljava/lang/Object;)I @ 5
Event: 1.286 Thread 0x0000000002793000 Uncommon trap: reason=class_check action=maybe_recompile pc=0x0000000002dcd580 method=org.jetbrains.kotlin.com.intellij.util.text.ByteArrayCharSequence.toBytesIfPossible(Ljava/lang/CharSequence;)[B @ 25
Event: 1.286 Thread 0x0000000002793000 Uncommon trap: reason=class_check action=maybe_recompile pc=0x0000000002e01e3c method=gnu.trove.TObjectHash.computeHashCode(Ljava/lang/Object;)I @ 5
Event: 1.286 Thread 0x0000000002793000 Uncommon trap: reason=class_check action=maybe_recompile pc=0x0000000002df6fa0 method=gnu.trove.TObjectHash.computeHashCode(Ljava/lang/Object;)I @ 5

Classes redefined (0 events):
No events

Internal exceptions (10 events):
Event: 0.272 Thread 0x0000000002793000 Exception <a 'java/security/PrivilegedActionException'> (0x000000076c83e618) thrown at [C:\src\AOSP-openjdk-git\hotspot\src\share\vm\prims\jvm.cpp, line 1502]
Event: 0.272 Thread 0x0000000002793000 Exception <a 'java/security/PrivilegedActionException'> (0x000000076c83ea10) thrown at [C:\src\AOSP-openjdk-git\hotspot\src\share\vm\prims\jvm.cpp, line 1502]
Event: 0.405 Thread 0x0000000002793000 Exception <a 'java/lang/ArrayIndexOutOfBoundsException'> (0x000000076d62ca68) thrown at [C:\src\AOSP-openjdk-git\hotspot\src\share\vm\runtime\sharedRuntime.cpp, line 605]
Event: 0.509 Thread 0x0000000002793000 Exception <a 'java/lang/ArrayIndexOutOfBoundsException'> (0x000000076e03df78) thrown at [C:\src\AOSP-openjdk-git\hotspot\src\share\vm\runtime\sharedRuntime.cpp, line 605]
Event: 0.784 Thread 0x0000000002793000 Exception <a 'java/lang/NoSuchMethodError': java.lang.Object.lambda$static$0()J> (0x000000076bdbe4d8) thrown at [C:\src\AOSP-openjdk-git\hotspot\src\share\vm\interpreter\linkResolver.cpp, line 620]
Event: 0.885 Thread 0x0000000002793000 Implicit null exception at 0x0000000002d2f757 to 0x0000000002d2f8ce
Event: 0.930 Thread 0x0000000002793000 Exception <a 'java/lang/NoSuchMethodError': java.lang.Object.lambda$static$0(I)[Lorg/jetbrains/kotlin/com/intellij/openapi/editor/event/DocumentListener;> (0x000000076d5362d0) thrown at [C:\src\AOSP-openjdk-git\hotspot\src\share\vm\interpreter\linkResolve
Event: 0.949 Thread 0x0000000002793000 Exception <a 'java/lang/NoSuchMethodError': java.lang.Object.lambda$static$0(I)[Lorg/jetbrains/kotlin/com/intellij/psi/PsiAnnotation;> (0x000000076d76fed8) thrown at [C:\src\AOSP-openjdk-git\hotspot\src\share\vm\interpreter\linkResolver.cpp, line 620]
Event: 1.036 Thread 0x0000000002793000 Exception <a 'java/lang/NoSuchMethodError': java.lang.Object.lambda$static$0(I)[Lorg/jetbrains/kotlin/com/intellij/psi/PsiElement;> (0x000000076bcbb718) thrown at [C:\src\AOSP-openjdk-git\hotspot\src\share\vm\interpreter\linkResolver.cpp, line 620]
Event: 1.061 Thread 0x0000000002793000 Exception <a 'java/lang/NoSuchMethodError': java.lang.Object.lambda$comparing$77a9974f$1(Ljava/util/function/Function;Ljava/lang/Object;Ljava/lang/Object;)I> (0x000000076be925e8) thrown at [C:\src\AOSP-openjdk-git\hotspot\src\share\vm\interpreter\linkReso

Events (10 events):
Event: 1.364 loading class org/jetbrains/kotlin/protobuf/GeneratedMessageLite$ExtendableMessage
Event: 1.364 loading class org/jetbrains/kotlin/protobuf/GeneratedMessageLite$ExtendableMessage done
Event: 1.364 loading class org/jetbrains/kotlin/protobuf/GeneratedMessageLite
Event: 1.364 loading class org/jetbrains/kotlin/protobuf/GeneratedMessageLite done
Event: 1.364 loading class org/jetbrains/kotlin/protobuf/AbstractMessageLite
Event: 1.364 loading class org/jetbrains/kotlin/protobuf/AbstractMessageLite done
Event: 1.364 loading class org/jetbrains/kotlin/protobuf/FieldSet$FieldDescriptorLite
Event: 1.364 loading class org/jetbrains/kotlin/protobuf/FieldSet$FieldDescriptorLite done
Event: 1.365 loading class org/jetbrains/kotlin/protobuf/InvalidProtocolBufferException
Event: 1.365 loading class org/jetbrains/kotlin/protobuf/InvalidProtocolBufferException done


Dynamic libraries:
0x00007ff7a6d50000 - 0x00007ff7a6d81000 	C:\Program Files\Android\Android Studio\jre\jre\bin\java.exe
0x00007ffdc8630000 - 0x00007ffdc8825000 	C:\WINDOWS\SYSTEM32\ntdll.dll
0x00007ffdc8340000 - 0x00007ffdc83fd000 	C:\WINDOWS\System32\KERNEL32.DLL
0x00007ffdc6240000 - 0x00007ffdc6508000 	C:\WINDOWS\System32\KERNELBASE.dll
0x00007ffdc7610000 - 0x00007ffdc76bc000 	C:\WINDOWS\System32\ADVAPI32.dll
0x00007ffdc84c0000 - 0x00007ffdc855e000 	C:\WINDOWS\System32\msvcrt.dll
0x00007ffdc7e10000 - 0x00007ffdc7eab000 	C:\WINDOWS\System32\sechost.dll
0x00007ffdc6ad0000 - 0x00007ffdc6bfb000 	C:\WINDOWS\System32\RPCRT4.dll
0x00007ffdc66b0000 - 0x00007ffdc6850000 	C:\WINDOWS\System32\USER32.dll
0x00007ffdc5e70000 - 0x00007ffdc5e92000 	C:\WINDOWS\System32\win32u.dll
0x00007ffdc7c60000 - 0x00007ffdc7c8a000 	C:\WINDOWS\System32\GDI32.dll
0x00007ffdc6130000 - 0x00007ffdc623b000 	C:\WINDOWS\System32\gdi32full.dll
0x00007ffdc6540000 - 0x00007ffdc65dd000 	C:\WINDOWS\System32\msvcp_win.dll
0x00007ffdc5d70000 - 0x00007ffdc5e70000 	C:\WINDOWS\System32\ucrtbase.dll
0x00007ffdac320000 - 0x00007ffdac5ba000 	C:\WINDOWS\WinSxS\amd64_microsoft.windows.common-controls_6595b64144ccf1df_6.0.19041.844_none_ca00b6081b84eb1d\COMCTL32.dll
0x00007ffdc6920000 - 0x00007ffdc6950000 	C:\WINDOWS\System32\IMM32.DLL
0x000000006fe40000 - 0x000000006ff12000 	C:\Program Files\Android\Android Studio\jre\jre\bin\msvcr100.dll
0x0000000070020000 - 0x000000007086b000 	C:\Program Files\Android\Android Studio\jre\jre\bin\server\jvm.dll
0x00007ffdc6dc0000 - 0x00007ffdc6dc8000 	C:\WINDOWS\System32\PSAPI.DLL
0x00007ffda7830000 - 0x00007ffda7839000 	C:\WINDOWS\SYSTEM32\WSOCK32.dll
0x00007ffdb0e40000 - 0x00007ffdb0e67000 	C:\WINDOWS\SYSTEM32\WINMM.dll
0x00007ffdbe6f0000 - 0x00007ffdbe6fa000 	C:\WINDOWS\SYSTEM32\VERSION.dll
0x00007ffdc7cf0000 - 0x00007ffdc7d5b000 	C:\WINDOWS\System32\WS2_32.dll
0x00007ffdafd90000 - 0x00007ffdafd9f000 	C:\Program Files\Android\Android Studio\jre\jre\bin\verify.dll
0x00007ffdadda0000 - 0x00007ffdaddc9000 	C:\Program Files\Android\Android Studio\jre\jre\bin\java.dll
0x00007ffdaf0a0000 - 0x00007ffdaf0b6000 	C:\Program Files\Android\Android Studio\jre\jre\bin\zip.dll
0x00007ffdc6dd0000 - 0x00007ffdc7512000 	C:\WINDOWS\System32\SHELL32.dll
0x00007ffdc3e90000 - 0x00007ffdc4621000 	C:\WINDOWS\SYSTEM32\windows.storage.dll
0x00007ffdc7fe0000 - 0x00007ffdc8335000 	C:\WINDOWS\System32\combase.dll
0x00007ffdc57e0000 - 0x00007ffdc580c000 	C:\WINDOWS\SYSTEM32\Wldp.dll
0x00007ffdc7d60000 - 0x00007ffdc7e0e000 	C:\WINDOWS\System32\SHCORE.dll
0x00007ffdc8400000 - 0x00007ffdc8455000 	C:\WINDOWS\System32\shlwapi.dll
0x00007ffdc5cb0000 - 0x00007ffdc5ccf000 	C:\WINDOWS\SYSTEM32\profapi.dll
0x00007ffda9ec0000 - 0x00007ffda9eda000 	C:\Program Files\Android\Android Studio\jre\jre\bin\net.dll
0x00007ffdc5550000 - 0x00007ffdc55ba000 	C:\WINDOWS\system32\mswsock.dll
0x00007ffdbd3c0000 - 0x00007ffdbd3d3000 	C:\Program Files\Android\Android Studio\jre\jre\bin\nio.dll

VM Arguments:
java_command: org.jetbrains.kotlin.cli.jvm.K2JVMCompiler @D:\Document\Bangkit\Dicoding\Belajar Android Jetpack Pro\MovieTvShowApp\app\build\20210506_7913646895969610886.compiler.options
java_class_path (initial): C:\Users\Briliantino\.gradle\caches\modules-2\files-2.1\org.jetbrains.kotlin\kotlin-compiler-embeddable\1.4.32\b4fc9be460ca88eecea2303e142ce2920bd14775\kotlin-compiler-embeddable-1.4.32.jar;C:\Users\Briliantino\.gradle\caches\modules-2\files-2.1\org.jetbrains.kotlin\kotlin-reflect\1.4.32\ce852b166d97f0f1991b5130c2bb02e2ef6c554e\kotlin-reflect-1.4.32.jar;C:\Users\Briliantino\.gradle\caches\modules-2\files-2.1\org.jetbrains.kotlin\kotlin-stdlib\1.4.32\461367948840adbb0839c51d91ed74ef4a9ccb52\kotlin-stdlib-1.4.32.jar;C:\Users\Briliantino\.gradle\caches\modules-2\files-2.1\org.jetbrains.kotlin\kotlin-script-runtime\1.4.32\bac50b0748be017dbc13fc1cb7231b1c9da0e106\kotlin-script-runtime-1.4.32.jar;C:\Users\Briliantino\.gradle\caches\modules-2\files-2.1\org.jetbrains.kotlin\kotlin-daemon-embeddable\1.4.32\b40c5de5adea26ebb4e5fc36945c482ac20acee2\kotlin-daemon-embeddable-1.4.32.jar;C:\Users\Briliantino\.gradle\caches\modules-2\files-2.1\org.jetbrains.intellij.deps\trove4j\1.0.20181211\216c2e14b070f334479d800987affe4054cd563f\trove4j-1.0.20181211.jar;C:\Users\Briliantino\.gradle\caches\modules-2\files-2.1\org.jetbrains.kotlin\kotlin-stdlib-common\1.4.32\ef50bfa2c0491a11dcc35d9822edbfd6170e1ea2\kotlin-stdlib-common-1.4.32.jar;C:\Users\Briliantino\.gradle\caches\modules-2\files-2.1\org.jetbrains\annotations\13.0\919f0dfe192fb4e063e7dacadee7f8bb9a2672a9\annotations-13.0.jar;C:\Program Files\Android\Android Studio\jre\lib\tools.jar
Launcher Type: SUN_STANDARD

Environment Variables:
JAVA_HOME=C:\Program Files\Java\jdk-13.0.2
PATH=C:\Python39\Scripts\;C:\Python39\;C:\Program Files (x86)\Common Files\Intel\Shared Libraries\redist\intel64\compiler;C:\Program Files (x86)\Common Files\Intel\Shared Files\cpp\bin\Intel64;C:\Program Files (x86)\Common Files\Oracle\Java\javapath;C:\ProgramData\Anaconda3;C:\ProgramData\Anaconda3\Library\mingw-w64\bin;C:\ProgramData\Anaconda3\Library\usr\bin;C:\ProgramData\Anaconda3\Library\bin;C:\ProgramData\Anaconda3\Scripts;C:\windows\system32;C:\windows;C:\windows\System32\Wbem;C:\windows\System32\WindowsPowerShell\v1.0\;C:\windows\System32\OpenSSH\;C:\Program Files (x86)\NVIDIA Corporation\PhysX\Common;C:\Program Files\NVIDIA Corporation\NVIDIA NvDLISR;C:\Program Files\Microsoft VS Code\bin;C:\Program Files\Polyspace\R2019a\runtime\win64;C:\Program Files\Polyspace\R2019a\bin;C:\Program Files\Polyspace\R2019a\polyspace\bin;C:\Program Files\Java\jdk1.8.0_231\bin;C:\WINDOWS\system32;C:\WINDOWS;C:\WINDOWS\System32\Wbem;C:\WINDOWS\System32\WindowsPowerShell\v1.0\;C:\WINDOWS\System32\OpenSSH\;C:\ProgramData\ComposerSetup\bin;C:\Program Files\nodejs\;C:\ProgramData\chocolatey\bin;C:\Program Files\Gradle\gradle-6.6\bin;C:\xampp\php;C:\Users\Briliantino\AppData\Local\Programs\Python\Python38-32\;C:\Users\Briliantino\AppData\Local\Microsoft\WindowsApps;C:\Users\Briliantino\AppData\Roaming\Composer\vendor\bin;C:\Program Files\Java\jdk-13.0.2\bin;C:\Users\Briliantino\AppData\Local\GitHubDesktop\bin;C:\Users\Briliantino\AppData\Roaming\npm;C:\src\flutter\bin;C:\Windows\System32;C:\Program Files\Git\bin\git.exe;C:\Program Files\Git\cmd;;C:\Program Files\JetBrains\IntelliJ IDEA 2020.1.3\bin;
USERNAME=Briliantino
OS=Windows_NT
PROCESSOR_IDENTIFIER=Intel64 Family 6 Model 158 Stepping 10, GenuineIntel



---------------  S Y S T E M  ---------------

OS: Windows 10.0 , 64 bit Build 19041 (10.0.19041.928)

CPU:total 12 (initial active 12) (6 cores per cpu, 2 threads per core) family 6 model 158 stepping 10, cmov, cx8, fxsr, mmx, sse, sse2, sse3, ssse3, sse4.1, sse4.2, popcnt, avx, avx2, aes, clmul, erms, 3dnowpref, lzcnt, ht, tsc, tscinvbit, bmi1, bmi2, adx

Memory: 4k page, physical 16613556k(2167092k free), swap 23298228k(3104k free)

vm_info: OpenJDK 64-Bit Server VM (25.242-b01) for windows-amd64 JRE (1.8.0_242-release-1644-b01), built by "builder" with MS VC++ 10.0 (VS2010)

time: Thu May 06 01:17:07 2021
timezone: SE Asia Standard Time
elapsed time: 1 seconds (0d 0h 0m 1s)

