#
# There is insufficient memory for the Java Runtime Environment to continue.
# Native memory allocation (malloc) failed to allocate 1026048 bytes for Chunk::new
# Possible reasons:
#   The system is out of physical RAM or swap space
#   The process is running with CompressedOops enabled, and the Java Heap may be blocking the growth of the native heap
# Possible solutions:
#   Reduce memory load on the system
#   Increase physical memory or swap space
#   Check if swap backing store is full
#   Decrease Java heap size (-Xmx/-Xms)
#   Decrease number of Java threads
#   Decrease Java thread stack sizes (-Xss)
#   Set larger code cache with -XX:ReservedCodeCacheSize=
#   JVM is running with Zero Based Compressed Oops mode in which the Java heap is
#     placed in the first 32GB address space. The Java Heap base address is the
#     maximum limit for the native heap growth. Please use -XX:HeapBaseMinAddress
#     to set the Java Heap base and to place the Java Heap above 32GB virtual address.
# This output file may be truncated or incomplete.
#
#  Out of Memory Error (allocation.cpp:389), pid=20436, tid=0x000000000000549c
#
# JRE version: OpenJDK Runtime Environment (8.0_242-b01) (build 1.8.0_242-release-1644-b01)
# Java VM: OpenJDK 64-Bit Server VM (25.242-b01 mixed mode windows-amd64 compressed oops)
# Failed to write core dump. Minidumps are not enabled by default on client versions of Windows
#

---------------  T H R E A D  ---------------

Current thread (0x000000001dfd1000):  JavaThread "C2 CompilerThread1" daemon [_thread_in_native, id=21660, stack(0x000000001f720000,0x000000001f820000)]

Stack: [0x000000001f720000,0x000000001f820000]
[error occurred during error reporting (printing stack bounds), id 0xc0000005]

Native frames: (J=compiled Java code, j=interpreted, Vv=VM code, C=native code)


Current CompileTask:
C2:   3420 5383       4       org.jetbrains.kotlin.load.java.structure.impl.classFiles.BinaryJavaMethodBase$Companion::create (557 bytes)


---------------  P R O C E S S  ---------------

Java Threads: ( => current thread )
  0x000000001e05d000 JavaThread "Service Thread" daemon [_thread_blocked, id=22228, stack(0x000000001fa20000,0x000000001fb20000)]
  0x000000001dfda000 JavaThread "C1 CompilerThread3" daemon [_thread_blocked, id=3720, stack(0x000000001f920000,0x000000001fa20000)]
  0x000000001dfd6000 JavaThread "C2 CompilerThread2" daemon [_thread_blocked, id=2240, stack(0x000000001f820000,0x000000001f920000)]
=>0x000000001dfd1000 JavaThread "C2 CompilerThread1" daemon [_thread_in_native, id=21660, stack(0x000000001f720000,0x000000001f820000)]
  0x000000001c8ca000 JavaThread "C2 CompilerThread0" daemon [_thread_in_native, id=14656, stack(0x000000001f620000,0x000000001f720000)]
  0x000000001dfc9000 JavaThread "Attach Listener" daemon [_thread_blocked, id=1008, stack(0x000000001f520000,0x000000001f620000)]
  0x000000001dfc8800 JavaThread "Signal Dispatcher" daemon [_thread_blocked, id=11048, stack(0x000000001f420000,0x000000001f520000)]
  0x000000001c8c2800 JavaThread "Finalizer" daemon [_thread_blocked, id=20976, stack(0x000000001f210000,0x000000001f310000)]
  0x000000001dfb3000 JavaThread "Reference Handler" daemon [_thread_blocked, id=22176, stack(0x000000001f110000,0x000000001f210000)]
  0x0000000002c13000 JavaThread "main" [_thread_in_vm, id=12104, stack(0x0000000002b10000,0x0000000002c10000)]

Other Threads:
  0x000000001c8b5000 VMThread [stack: 0x000000001f010000,0x000000001f110000] [id=8932]
  0x000000001e067000 WatcherThread [stack: 0x000000001fb20000,0x000000001fc20000] [id=3920]

VM state:not at safepoint (normal execution)

VM Mutex/Monitor currently owned by a thread: None

heap address: 0x00000006c2600000, size: 4058 MB, Compressed Oops mode: Zero based, Oop shift amount: 3
Narrow klass base: 0x0000000000000000, Narrow klass shift: 3
Compressed class space size: 1073741824 Address: 0x00000007c0000000

Heap:
 PSYoungGen      total 180736K, used 59966K [0x000000076b780000, 0x0000000777780000, 0x00000007c0000000)
  eden space 169984K, 28% used [0x000000076b780000,0x000000076e790910,0x0000000775d80000)
  from space 10752K, 99% used [0x0000000776d00000,0x000000077777f230,0x0000000777780000)
  to   space 10752K, 0% used [0x0000000776280000,0x0000000776280000,0x0000000776d00000)
 ParOldGen       total 141824K, used 58008K [0x00000006c2600000, 0x00000006cb080000, 0x000000076b780000)
  object space 141824K, 40% used [0x00000006c2600000,0x00000006c5ea6318,0x00000006cb080000)
 Metaspace       used 49712K, capacity 50770K, committed 50944K, reserved 1093632K
  class space    used 6071K, capacity 6367K, committed 6400K, reserved 1048576K

Card table byte_map: [0x00000000120d0000,0x00000000128c0000] byte_map_base: 0x000000000eabd000

Marking Bits: (ParMarkBitMap*) 0x00000000707ef030
 Begin Bits: [0x0000000013810000, 0x0000000017778000)
 End Bits:   [0x0000000017778000, 0x000000001b6e0000)

Polling page: 0x0000000000df0000

CodeCache: size=245760Kb used=18806Kb max_used=19891Kb free=226954Kb
 bounds [0x0000000002d10000, 0x00000000040b0000, 0x0000000011d10000]
 total_blobs=5656 nmethods=5141 adapters=425
 compilation: enabled

Compilation events (10 events):
Event: 3.416 Thread 0x000000001dfda000 5715       3       org.jetbrains.kotlin.resolve.lazy.descriptors.AbstractLazyMemberScope::getContributedClassifier (178 bytes)
Event: 3.416 Thread 0x000000001dfda000 nmethod 5715 0x00000000035eb7d0 code [0x00000000035ebb40, 0x00000000035ed728]
Event: 3.416 Thread 0x000000001dfda000 5716       3       org.jetbrains.kotlin.com.intellij.psi.stubs.StubList::getStubTypeIndex (12 bytes)
Event: 3.416 Thread 0x000000001dfda000 nmethod 5716 0x0000000002e44050 code [0x0000000002e441e0, 0x0000000002e44648]
Event: 3.416 Thread 0x000000001dfda000 5717       1       org.jetbrains.kotlin.com.intellij.psi.impl.compiled.ClsRepositoryPsiElement::getStub (5 bytes)
Event: 3.416 Thread 0x000000001dfda000 nmethod 5717 0x000000000346e2d0 code [0x000000000346e420, 0x000000000346e530]
Event: 3.417 Thread 0x000000001dfda000 5718       3       gnu.trove.TIntObjectHashMap::<init> (10 bytes)
Event: 3.417 Thread 0x000000001c8ca000 5719       4       org.jetbrains.kotlin.com.intellij.lang.java.lexer.JavaLexer::locateToken (474 bytes)
Event: 3.418 Thread 0x000000001dfda000 nmethod 5718 0x00000000030b50d0 code [0x00000000030b5260, 0x00000000030b55e8]
Event: 3.418 Thread 0x000000001dfd6000 nmethod 5696 0x00000000034c1250 code [0x00000000034c1600, 0x00000000034c1c08]

GC Heap History (10 events):
Event: 0.987 GC heap before
{Heap before GC invocations=2 (full 0):
 PSYoungGen      total 75776K, used 45660K [0x000000076b780000, 0x0000000774b80000, 0x00000007c0000000)
  eden space 65024K, 53% used [0x000000076b780000,0x000000076d9977f8,0x000000076f700000)
  from space 10752K, 99% used [0x000000076f700000,0x000000077017f8e0,0x0000000770180000)
  to   space 10752K, 0% used [0x0000000774100000,0x0000000774100000,0x0000000774b80000)
 ParOldGen       total 173568K, used 4646K [0x00000006c2600000, 0x00000006ccf80000, 0x000000076b780000)
  object space 173568K, 2% used [0x00000006c2600000,0x00000006c2a89978,0x00000006ccf80000)
 Metaspace       used 20730K, capacity 21102K, committed 21248K, reserved 1069056K
  class space    used 2371K, capacity 2506K, committed 2560K, reserved 1048576K
Event: 0.995 GC heap after
Heap after GC invocations=2 (full 0):
 PSYoungGen      total 140800K, used 10737K [0x000000076b780000, 0x0000000774b80000, 0x00000007c0000000)
  eden space 130048K, 0% used [0x000000076b780000,0x000000076b780000,0x0000000773680000)
  from space 10752K, 99% used [0x0000000774100000,0x0000000774b7c540,0x0000000774b80000)
  to   space 10752K, 0% used [0x0000000773680000,0x0000000773680000,0x0000000774100000)
 ParOldGen       total 173568K, used 16537K [0x00000006c2600000, 0x00000006ccf80000, 0x000000076b780000)
  object space 173568K, 9% used [0x00000006c2600000,0x00000006c3626428,0x00000006ccf80000)
 Metaspace       used 20730K, capacity 21102K, committed 21248K, reserved 1069056K
  class space    used 2371K, capacity 2506K, committed 2560K, reserved 1048576K
}
Event: 0.995 GC heap before
{Heap before GC invocations=3 (full 1):
 PSYoungGen      total 140800K, used 10737K [0x000000076b780000, 0x0000000774b80000, 0x00000007c0000000)
  eden space 130048K, 0% used [0x000000076b780000,0x000000076b780000,0x0000000773680000)
  from space 10752K, 99% used [0x0000000774100000,0x0000000774b7c540,0x0000000774b80000)
  to   space 10752K, 0% used [0x0000000773680000,0x0000000773680000,0x0000000774100000)
 ParOldGen       total 173568K, used 16537K [0x00000006c2600000, 0x00000006ccf80000, 0x000000076b780000)
  object space 173568K, 9% used [0x00000006c2600000,0x00000006c3626428,0x00000006ccf80000)
 Metaspace       used 20730K, capacity 21102K, committed 21248K, reserved 1069056K
  class space    used 2371K, capacity 2506K, committed 2560K, reserved 1048576K
Event: 1.032 GC heap after
Heap after GC invocations=3 (full 1):
 PSYoungGen      total 140800K, used 0K [0x000000076b780000, 0x0000000774b80000, 0x00000007c0000000)
  eden space 130048K, 0% used [0x000000076b780000,0x000000076b780000,0x0000000773680000)
  from space 10752K, 0% used [0x0000000774100000,0x0000000774100000,0x0000000774b80000)
  to   space 10752K, 0% used [0x0000000773680000,0x0000000773680000,0x0000000774100000)
 ParOldGen       total 141824K, used 22427K [0x00000006c2600000, 0x00000006cb080000, 0x000000076b780000)
  object space 141824K, 15% used [0x00000006c2600000,0x00000006c3be6ee0,0x00000006cb080000)
 Metaspace       used 20730K, capacity 21102K, committed 21248K, reserved 1069056K
  class space    used 2371K, capacity 2506K, committed 2560K, reserved 1048576K
}
Event: 1.862 GC heap before
{Heap before GC invocations=4 (full 1):
 PSYoungGen      total 140800K, used 97906K [0x000000076b780000, 0x0000000774b80000, 0x00000007c0000000)
  eden space 130048K, 75% used [0x000000076b780000,0x000000077171cb78,0x0000000773680000)
  from space 10752K, 0% used [0x0000000774100000,0x0000000774100000,0x0000000774b80000)
  to   space 10752K, 0% used [0x0000000773680000,0x0000000773680000,0x0000000774100000)
 ParOldGen       total 141824K, used 22427K [0x00000006c2600000, 0x00000006cb080000, 0x000000076b780000)
  object space 141824K, 15% used [0x00000006c2600000,0x00000006c3be6ee0,0x00000006cb080000)
 Metaspace       used 34574K, capacity 35124K, committed 35416K, reserved 1081344K
  class space    used 4359K, capacity 4537K, committed 4608K, reserved 1048576K
Event: 1.873 GC heap after
Heap after GC invocations=4 (full 1):
 PSYoungGen      total 140800K, used 10737K [0x000000076b780000, 0x0000000777780000, 0x00000007c0000000)
  eden space 130048K, 0% used [0x000000076b780000,0x000000076b780000,0x0000000773680000)
  from space 10752K, 99% used [0x0000000773680000,0x00000007740fc5e0,0x0000000774100000)
  to   space 10752K, 0% used [0x0000000776d00000,0x0000000776d00000,0x0000000777780000)
 ParOldGen       total 141824K, used 34930K [0x00000006c2600000, 0x00000006cb080000, 0x000000076b780000)
  object space 141824K, 24% used [0x00000006c2600000,0x00000006c481c998,0x00000006cb080000)
 Metaspace       used 34574K, capacity 35124K, committed 35416K, reserved 1081344K
  class space    used 4359K, capacity 4537K, committed 4608K, reserved 1048576K
}
Event: 1.873 GC heap before
{Heap before GC invocations=5 (full 2):
 PSYoungGen      total 140800K, used 10737K [0x000000076b780000, 0x0000000777780000, 0x00000007c0000000)
  eden space 130048K, 0% used [0x000000076b780000,0x000000076b780000,0x0000000773680000)
  from space 10752K, 99% used [0x0000000773680000,0x00000007740fc5e0,0x0000000774100000)
  to   space 10752K, 0% used [0x0000000776d00000,0x0000000776d00000,0x0000000777780000)
 ParOldGen       total 141824K, used 34930K [0x00000006c2600000, 0x00000006cb080000, 0x000000076b780000)
  object space 141824K, 24% used [0x00000006c2600000,0x00000006c481c998,0x00000006cb080000)
 Metaspace       used 34574K, capacity 35124K, committed 35416K, reserved 1081344K
  class space    used 4359K, capacity 4537K, committed 4608K, reserved 1048576K
Event: 1.910 GC heap after
Heap after GC invocations=5 (full 2):
 PSYoungGen      total 140800K, used 0K [0x000000076b780000, 0x0000000777780000, 0x00000007c0000000)
  eden space 130048K, 0% used [0x000000076b780000,0x000000076b780000,0x0000000773680000)
  from space 10752K, 0% used [0x0000000773680000,0x0000000773680000,0x0000000774100000)
  to   space 10752K, 0% used [0x0000000776d00000,0x0000000776d00000,0x0000000777780000)
 ParOldGen       total 141824K, used 41833K [0x00000006c2600000, 0x00000006cb080000, 0x000000076b780000)
  object space 141824K, 29% used [0x00000006c2600000,0x00000006c4eda498,0x00000006cb080000)
 Metaspace       used 34574K, capacity 35124K, committed 35416K, reserved 1081344K
  class space    used 4359K, capacity 4537K, committed 4608K, reserved 1048576K
}
Event: 3.096 GC heap before
{Heap before GC invocations=6 (full 2):
 PSYoungGen      total 140800K, used 130048K [0x000000076b780000, 0x0000000777780000, 0x00000007c0000000)
  eden space 130048K, 100% used [0x000000076b780000,0x0000000773680000,0x0000000773680000)
  from space 10752K, 0% used [0x0000000773680000,0x0000000773680000,0x0000000774100000)
  to   space 10752K, 0% used [0x0000000776d00000,0x0000000776d00000,0x0000000777780000)
 ParOldGen       total 141824K, used 41833K [0x00000006c2600000, 0x00000006cb080000, 0x000000076b780000)
  object space 141824K, 29% used [0x00000006c2600000,0x00000006c4eda498,0x00000006cb080000)
 Metaspace       used 47451K, capacity 48304K, committed 48640K, reserved 1091584K
  class space    used 5771K, capacity 6050K, committed 6144K, reserved 1048576K
Event: 3.110 GC heap after
Heap after GC invocations=6 (full 2):
 PSYoungGen      total 180736K, used 10748K [0x000000076b780000, 0x0000000777780000, 0x00000007c0000000)
  eden space 169984K, 0% used [0x000000076b780000,0x000000076b780000,0x0000000775d80000)
  from space 10752K, 99% used [0x0000000776d00000,0x000000077777f230,0x0000000777780000)
  to   space 10752K, 0% used [0x0000000776280000,0x0000000776280000,0x0000000776d00000)
 ParOldGen       total 141824K, used 58008K [0x00000006c2600000, 0x00000006cb080000, 0x000000076b780000)
  object space 141824K, 40% used [0x00000006c2600000,0x00000006c5ea6318,0x00000006cb080000)
 Metaspace       used 47451K, capacity 48304K, committed 48640K, reserved 1091584K
  class space    used 5771K, capacity 6050K, committed 6144K, reserved 1048576K
}

Deoptimization events (10 events):
Event: 3.345 Thread 0x0000000002c13000 Uncommon trap: reason=bimorphic action=maybe_recompile pc=0x0000000004016854 method=org.jetbrains.kotlin.types.DelegatingSimpleType.getArguments()Ljava/util/List; @ 4
Event: 3.345 Thread 0x0000000002c13000 Uncommon trap: reason=bimorphic action=maybe_recompile pc=0x0000000003d64b94 method=org.jetbrains.kotlin.types.DelegatingSimpleType.getConstructor()Lorg/jetbrains/kotlin/types/TypeConstructor; @ 4
Event: 3.345 Thread 0x0000000002c13000 Uncommon trap: reason=bimorphic action=maybe_recompile pc=0x0000000003d64b94 method=org.jetbrains.kotlin.types.DelegatingSimpleType.getConstructor()Lorg/jetbrains/kotlin/types/TypeConstructor; @ 4
Event: 3.381 Thread 0x0000000002c13000 Uncommon trap: reason=bimorphic action=maybe_recompile pc=0x0000000003d09da0 method=gnu.trove.TObjectHash.index(Ljava/lang/Object;)I @ 64
Event: 3.382 Thread 0x0000000002c13000 Uncommon trap: reason=bimorphic action=maybe_recompile pc=0x0000000003d09da0 method=gnu.trove.TObjectHash.index(Ljava/lang/Object;)I @ 64
Event: 3.417 Thread 0x0000000002c13000 Uncommon trap: reason=class_check action=maybe_recompile pc=0x0000000003acd958 method=org.jetbrains.kotlin.com.intellij.lang.java.lexer.JavaLexer.charAt(I)C @ 21
Event: 3.417 Thread 0x0000000002c13000 Uncommon trap: reason=class_check action=maybe_recompile pc=0x0000000003acd958 method=org.jetbrains.kotlin.com.intellij.lang.java.lexer.JavaLexer.charAt(I)C @ 21
Event: 3.417 Thread 0x0000000002c13000 Uncommon trap: reason=class_check action=maybe_recompile pc=0x0000000003acd958 method=org.jetbrains.kotlin.com.intellij.lang.java.lexer.JavaLexer.charAt(I)C @ 21
Event: 3.417 Thread 0x0000000002c13000 Uncommon trap: reason=class_check action=maybe_recompile pc=0x0000000003acd958 method=org.jetbrains.kotlin.com.intellij.lang.java.lexer.JavaLexer.charAt(I)C @ 21
Event: 3.418 Thread 0x0000000002c13000 Uncommon trap: reason=unstable_if action=reinterpret pc=0x00000000039d1c94 method=gnu.trove.TIntObjectHashMap.isRemoved([Ljava/lang/Object;I)Z @ 6

Classes redefined (0 events):
No events

Internal exceptions (10 events):
Event: 2.403 Thread 0x0000000002c13000 Exception <a 'java/lang/NoSuchMethodError': java.lang.Object.lambda$static$0(I)[Lorg/jetbrains/kotlin/com/intellij/psi/PsiTypeParameter;> (0x000000076f570ed8) thrown at [C:\src\AOSP-openjdk-git\hotspot\src\share\vm\interpreter\linkResolver.cpp, line 620]
Event: 3.184 Thread 0x0000000002c13000 Implicit null exception at 0x0000000003f44737 to 0x0000000003f44d29
Event: 3.329 Thread 0x0000000002c13000 Implicit null exception at 0x00000000034d158c to 0x00000000034d1671
Event: 3.331 Thread 0x0000000002c13000 Implicit null exception at 0x0000000003f30607 to 0x0000000003f30b0d
Event: 3.349 Thread 0x0000000002c13000 Exception <a 'java/lang/NoSuchMethodError': java.lang.Object.lambda$static$0(I)[Lorg/jetbrains/kotlin/com/intellij/psi/PsiMethod;> (0x000000076dfc1180) thrown at [C:\src\AOSP-openjdk-git\hotspot\src\share\vm\interpreter\linkResolver.cpp, line 620]
Event: 3.373 Thread 0x0000000002c13000 Exception <a 'java/lang/NoSuchMethodError': java.lang.Object.lambda$static$0(I)[Lorg/jetbrains/kotlin/com/intellij/psi/PsiField;> (0x000000076e21ac58) thrown at [C:\src\AOSP-openjdk-git\hotspot\src\share\vm\interpreter\linkResolver.cpp, line 620]
Event: 3.379 Thread 0x0000000002c13000 Exception <a 'java/lang/NoSuchMethodError': java.lang.Object.lambda$static$0(I)[Lorg/jetbrains/kotlin/com/intellij/psi/PsiJavaCodeReferenceElement;> (0x000000076e289a88) thrown at [C:\src\AOSP-openjdk-git\hotspot\src\share\vm\interpreter\linkResolver.cpp,
Event: 3.393 Thread 0x0000000002c13000 Exception <a 'java/lang/NoSuchMethodError': java.lang.Object.lambda$static$0(I)[Lorg/jetbrains/kotlin/com/intellij/psi/PsiImportStatementBase;> (0x000000076e3a1d68) thrown at [C:\src\AOSP-openjdk-git\hotspot\src\share\vm\interpreter\linkResolver.cpp, line
Event: 3.398 Thread 0x0000000002c13000 Exception <a 'java/lang/NoSuchMethodError': java.lang.Object.lambda$static$0(I)I> (0x000000076e4029a0) thrown at [C:\src\AOSP-openjdk-git\hotspot\src\share\vm\interpreter\linkResolver.cpp, line 620]
Event: 3.404 Thread 0x0000000002c13000 Exception <a 'java/lang/NoSuchMethodError': java.lang.Object.lambda$static$0(I)[Lorg/jetbrains/kotlin/com/intellij/psi/PsiParameter;> (0x000000076e455660) thrown at [C:\src\AOSP-openjdk-git\hotspot\src\share\vm\interpreter\linkResolver.cpp, line 620]

Events (10 events):
Event: 3.418 loading class org/jetbrains/kotlin/com/intellij/lang/PsiBuilder
Event: 3.418 loading class org/jetbrains/kotlin/com/intellij/lang/PsiBuilder done
Event: 3.418 loading class org/jetbrains/kotlin/com/intellij/lang/java/parser/DeclarationParser
Event: 3.418 loading class org/jetbrains/kotlin/com/intellij/lang/java/parser/DeclarationParser done
Event: 3.418 loading class org/jetbrains/kotlin/com/intellij/psi/impl/source/tree/java/NameValuePairElement
Event: 3.418 loading class org/jetbrains/kotlin/com/intellij/psi/impl/source/tree/java/NameValuePairElement done
Event: 3.419 loading class org/jetbrains/kotlin/com/intellij/psi/impl/source/tree/java/PsiArrayInitializerMemberValueImpl
Event: 3.419 loading class org/jetbrains/kotlin/com/intellij/psi/impl/source/tree/java/PsiArrayInitializerMemberValueImpl done
Event: 3.419 loading class org/jetbrains/kotlin/com/intellij/psi/impl/source/tree/java/PsiReferenceExpressionImpl
Event: 3.419 loading class org/jetbrains/kotlin/com/intellij/psi/impl/source/tree/java/PsiReferenceExpressionImpl done


Dynamic libraries:
0x00007ff7a6d50000 - 0x00007ff7a6d81000 	C:\Program Files\Android\Android Studio\jre\jre\bin\java.exe
0x00007ffdc8630000 - 0x00007ffdc8825000 	C:\WINDOWS\SYSTEM32\ntdll.dll
0x00007ffdc8340000 - 0x00007ffdc83fd000 	C:\WINDOWS\System32\KERNEL32.DLL
0x00007ffdc6240000 - 0x00007ffdc6508000 	C:\WINDOWS\System32\KERNELBASE.dll
0x00007ffdc7610000 - 0x00007ffdc76bc000 	C:\WINDOWS\System32\ADVAPI32.dll
0x00007ffdc84c0000 - 0x00007ffdc855e000 	C:\WINDOWS\System32\msvcrt.dll
0x00007ffdc7e10000 - 0x00007ffdc7eab000 	C:\WINDOWS\System32\sechost.dll
0x00007ffdc6ad0000 - 0x00007ffdc6bfb000 	C:\WINDOWS\System32\RPCRT4.dll
0x00007ffdc66b0000 - 0x00007ffdc6850000 	C:\WINDOWS\System32\USER32.dll
0x00007ffdc5e70000 - 0x00007ffdc5e92000 	C:\WINDOWS\System32\win32u.dll
0x00007ffdc7c60000 - 0x00007ffdc7c8a000 	C:\WINDOWS\System32\GDI32.dll
0x00007ffdc6130000 - 0x00007ffdc623b000 	C:\WINDOWS\System32\gdi32full.dll
0x00007ffdc6540000 - 0x00007ffdc65dd000 	C:\WINDOWS\System32\msvcp_win.dll
0x00007ffdc5d70000 - 0x00007ffdc5e70000 	C:\WINDOWS\System32\ucrtbase.dll
0x00007ffdac320000 - 0x00007ffdac5ba000 	C:\WINDOWS\WinSxS\amd64_microsoft.windows.common-controls_6595b64144ccf1df_6.0.19041.844_none_ca00b6081b84eb1d\COMCTL32.dll
0x00007ffdc6920000 - 0x00007ffdc6950000 	C:\WINDOWS\System32\IMM32.DLL
0x000000006fe40000 - 0x000000006ff12000 	C:\Program Files\Android\Android Studio\jre\jre\bin\msvcr100.dll
0x0000000070020000 - 0x000000007086b000 	C:\Program Files\Android\Android Studio\jre\jre\bin\server\jvm.dll
0x00007ffdc6dc0000 - 0x00007ffdc6dc8000 	C:\WINDOWS\System32\PSAPI.DLL
0x00007ffda7830000 - 0x00007ffda7839000 	C:\WINDOWS\SYSTEM32\WSOCK32.dll
0x00007ffdbe6f0000 - 0x00007ffdbe6fa000 	C:\WINDOWS\SYSTEM32\VERSION.dll
0x00007ffdb0e40000 - 0x00007ffdb0e67000 	C:\WINDOWS\SYSTEM32\WINMM.dll
0x00007ffdc7cf0000 - 0x00007ffdc7d5b000 	C:\WINDOWS\System32\WS2_32.dll
0x00007ffdafd90000 - 0x00007ffdafd9f000 	C:\Program Files\Android\Android Studio\jre\jre\bin\verify.dll
0x00007ffdadda0000 - 0x00007ffdaddc9000 	C:\Program Files\Android\Android Studio\jre\jre\bin\java.dll
0x00007ffdaf0a0000 - 0x00007ffdaf0b6000 	C:\Program Files\Android\Android Studio\jre\jre\bin\zip.dll
0x00007ffdc6dd0000 - 0x00007ffdc7512000 	C:\WINDOWS\System32\SHELL32.dll
0x00007ffdc3e90000 - 0x00007ffdc4621000 	C:\WINDOWS\SYSTEM32\windows.storage.dll
0x00007ffdc7fe0000 - 0x00007ffdc8335000 	C:\WINDOWS\System32\combase.dll
0x00007ffdc57e0000 - 0x00007ffdc580c000 	C:\WINDOWS\SYSTEM32\Wldp.dll
0x00007ffdc7d60000 - 0x00007ffdc7e0e000 	C:\WINDOWS\System32\SHCORE.dll
0x00007ffdc8400000 - 0x00007ffdc8455000 	C:\WINDOWS\System32\shlwapi.dll
0x00007ffdc5cb0000 - 0x00007ffdc5ccf000 	C:\WINDOWS\SYSTEM32\profapi.dll
0x00007ffda9ec0000 - 0x00007ffda9eda000 	C:\Program Files\Android\Android Studio\jre\jre\bin\net.dll
0x00007ffdc5550000 - 0x00007ffdc55ba000 	C:\WINDOWS\system32\mswsock.dll
0x00007ffdbd3c0000 - 0x00007ffdbd3d3000 	C:\Program Files\Android\Android Studio\jre\jre\bin\nio.dll

VM Arguments:
java_command: org.jetbrains.kotlin.cli.jvm.K2JVMCompiler @D:\Document\Bangkit\Dicoding\Belajar Android Jetpack Pro\MovieTvShowApp\app\build\20210506_1862812843313458312.compiler.options
java_class_path (initial): C:\Users\Briliantino\.gradle\caches\modules-2\files-2.1\org.jetbrains.kotlin\kotlin-compiler-embeddable\1.4.32\b4fc9be460ca88eecea2303e142ce2920bd14775\kotlin-compiler-embeddable-1.4.32.jar;C:\Users\Briliantino\.gradle\caches\modules-2\files-2.1\org.jetbrains.kotlin\kotlin-reflect\1.4.32\ce852b166d97f0f1991b5130c2bb02e2ef6c554e\kotlin-reflect-1.4.32.jar;C:\Users\Briliantino\.gradle\caches\modules-2\files-2.1\org.jetbrains.kotlin\kotlin-stdlib\1.4.32\461367948840adbb0839c51d91ed74ef4a9ccb52\kotlin-stdlib-1.4.32.jar;C:\Users\Briliantino\.gradle\caches\modules-2\files-2.1\org.jetbrains.kotlin\kotlin-script-runtime\1.4.32\bac50b0748be017dbc13fc1cb7231b1c9da0e106\kotlin-script-runtime-1.4.32.jar;C:\Users\Briliantino\.gradle\caches\modules-2\files-2.1\org.jetbrains.kotlin\kotlin-daemon-embeddable\1.4.32\b40c5de5adea26ebb4e5fc36945c482ac20acee2\kotlin-daemon-embeddable-1.4.32.jar;C:\Users\Briliantino\.gradle\caches\modules-2\files-2.1\org.jetbrains.intellij.deps\trove4j\1.0.20181211\216c2e14b070f334479d800987affe4054cd563f\trove4j-1.0.20181211.jar;C:\Users\Briliantino\.gradle\caches\modules-2\files-2.1\org.jetbrains.kotlin\kotlin-stdlib-common\1.4.32\ef50bfa2c0491a11dcc35d9822edbfd6170e1ea2\kotlin-stdlib-common-1.4.32.jar;C:\Users\Briliantino\.gradle\caches\modules-2\files-2.1\org.jetbrains\annotations\13.0\919f0dfe192fb4e063e7dacadee7f8bb9a2672a9\annotations-13.0.jar;C:\Program Files\Android\Android Studio\jre\lib\tools.jar
Launcher Type: SUN_STANDARD

Environment Variables:
JAVA_HOME=C:\Program Files\Java\jdk-13.0.2
PATH=C:\Python39\Scripts\;C:\Python39\;C:\Program Files (x86)\Common Files\Intel\Shared Libraries\redist\intel64\compiler;C:\Program Files (x86)\Common Files\Intel\Shared Files\cpp\bin\Intel64;C:\Program Files (x86)\Common Files\Oracle\Java\javapath;C:\ProgramData\Anaconda3;C:\ProgramData\Anaconda3\Library\mingw-w64\bin;C:\ProgramData\Anaconda3\Library\usr\bin;C:\ProgramData\Anaconda3\Library\bin;C:\ProgramData\Anaconda3\Scripts;C:\windows\system32;C:\windows;C:\windows\System32\Wbem;C:\windows\System32\WindowsPowerShell\v1.0\;C:\windows\System32\OpenSSH\;C:\Program Files (x86)\NVIDIA Corporation\PhysX\Common;C:\Program Files\NVIDIA Corporation\NVIDIA NvDLISR;C:\Program Files\Microsoft VS Code\bin;C:\Program Files\Polyspace\R2019a\runtime\win64;C:\Program Files\Polyspace\R2019a\bin;C:\Program Files\Polyspace\R2019a\polyspace\bin;C:\Program Files\Java\jdk1.8.0_231\bin;C:\WINDOWS\system32;C:\WINDOWS;C:\WINDOWS\System32\Wbem;C:\WINDOWS\System32\WindowsPowerShell\v1.0\;C:\WINDOWS\System32\OpenSSH\;C:\ProgramData\ComposerSetup\bin;C:\Program Files\nodejs\;C:\ProgramData\chocolatey\bin;C:\Program Files\Gradle\gradle-6.6\bin;C:\xampp\php;C:\Users\Briliantino\AppData\Local\Programs\Python\Python38-32\;C:\Users\Briliantino\AppData\Local\Microsoft\WindowsApps;C:\Users\Briliantino\AppData\Roaming\Composer\vendor\bin;C:\Program Files\Java\jdk-13.0.2\bin;C:\Users\Briliantino\AppData\Local\GitHubDesktop\bin;C:\Users\Briliantino\AppData\Roaming\npm;C:\src\flutter\bin;C:\Windows\System32;C:\Program Files\Git\bin\git.exe;C:\Program Files\Git\cmd;;C:\Program Files\JetBrains\IntelliJ IDEA 2020.1.3\bin;
USERNAME=Briliantino
OS=Windows_NT
PROCESSOR_IDENTIFIER=Intel64 Family 6 Model 158 Stepping 10, GenuineIntel



---------------  S Y S T E M  ---------------

OS: Windows 10.0 , 64 bit Build 19041 (10.0.19041.928)

CPU:total 12 (initial active 12) (6 cores per cpu, 2 threads per core) family 6 model 158 stepping 10, cmov, cx8, fxsr, mmx, sse, sse2, sse3, ssse3, sse4.1, sse4.2, popcnt, avx, avx2, aes, clmul, erms, 3dnowpref, lzcnt, ht, tsc, tscinvbit, bmi1, bmi2, adx

Memory: 4k page, physical 16613556k(2403724k free), swap 23298228k(5164k free)

vm_info: OpenJDK 64-Bit Server VM (25.242-b01) for windows-amd64 JRE (1.8.0_242-release-1644-b01), built by "builder" with MS VC++ 10.0 (VS2010)

time: Thu May 06 01:17:45 2021
timezone: SE Asia Standard Time
elapsed time: 3 seconds (0d 0h 0m 3s)

