#
# There is insufficient memory for the Java Runtime Environment to continue.
# Native memory allocation (malloc) failed to allocate 743216 bytes for Chunk::new
# Possible reasons:
#   The system is out of physical RAM or swap space
#   The process is running with CompressedOops enabled, and the Java Heap may be blocking the growth of the native heap
# Possible solutions:
#   Reduce memory load on the system
#   Increase physical memory or swap space
#   Check if swap backing store is full
#   Decrease Java heap size (-Xmx/-Xms)
#   Decrease number of Java threads
#   Decrease Java thread stack sizes (-Xss)
#   Set larger code cache with -XX:ReservedCodeCacheSize=
#   JVM is running with Unscaled Compressed Oops mode in which the Java heap is
#     placed in the first 4GB address space. The Java Heap base address is the
#     maximum limit for the native heap growth. Please use -XX:HeapBaseMinAddress
#     to set the Java Heap base and to place the Java Heap above 4GB virtual address.
# This output file may be truncated or incomplete.
#
#  Out of Memory Error (allocation.cpp:389), pid=10356, tid=0x0000000000004aa8
#
# JRE version: OpenJDK Runtime Environment (8.0_242-b01) (build 1.8.0_242-release-1644-b01)
# Java VM: OpenJDK 64-Bit Server VM (25.242-b01 mixed mode windows-amd64 compressed oops)
# Failed to write core dump. Minidumps are not enabled by default on client versions of Windows
#

---------------  T H R E A D  ---------------

Current thread (0x0000000019a10800):  JavaThread "C2 CompilerThread1" daemon [_thread_in_native, id=19112, stack(0x000000001b150000,0x000000001b250000)]

Stack: [0x000000001b150000,0x000000001b250000]
[error occurred during error reporting (printing stack bounds), id 0xc0000005]

Native frames: (J=compiled Java code, j=interpreted, Vv=VM code, C=native code)


Current CompileTask:
C2:  11189 13163       4       com.android.tools.r8.ir.conversion.o::a (366 bytes)


---------------  P R O C E S S  ---------------

Java Threads: ( => current thread )
  0x00000000241bb000 JavaThread "WorkerExecutor Queue" [_thread_blocked, id=13916, stack(0x000000002ff40000,0x0000000030040000)]
  0x00000000241b3000 JavaThread "Cache worker for execution history cache (D:\Document\Bangkit\Dicoding\Menjadi Android Developer Expert\MovieTvShowApp\.gradle\6.5\executionHistory)" [_thread_blocked, id=5744, stack(0x0000000030aa0000,0x0000000030ba0000)]
  0x00000000241b9800 JavaThread "Execution worker for ':' Thread 11" [_thread_blocked, id=19936, stack(0x00000000309a0000,0x0000000030aa0000)]
  0x00000000241b9000 JavaThread "Execution worker for ':' Thread 10" [_thread_blocked, id=10604, stack(0x00000000308a0000,0x00000000309a0000)]
  0x00000000241b4800 JavaThread "Execution worker for ':' Thread 9" [_thread_blocked, id=11548, stack(0x00000000307a0000,0x00000000308a0000)]
  0x00000000241b8000 JavaThread "Execution worker for ':' Thread 8" [_thread_blocked, id=20948, stack(0x00000000306a0000,0x00000000307a0000)]
  0x00000000241b2000 JavaThread "Execution worker for ':' Thread 7" [_thread_blocked, id=15308, stack(0x00000000305a0000,0x00000000306a0000)]
  0x00000000241b7800 JavaThread "Execution worker for ':' Thread 6" [_thread_blocked, id=4840, stack(0x00000000304a0000,0x00000000305a0000)]
  0x00000000241b1800 JavaThread "Execution worker for ':' Thread 5" [_thread_blocked, id=8152, stack(0x00000000303a0000,0x00000000304a0000)]
  0x00000000241b6800 JavaThread "Execution worker for ':' Thread 4" [_thread_blocked, id=20284, stack(0x00000000302a0000,0x00000000303a0000)]
  0x00000000241b5000 JavaThread "Execution worker for ':' Thread 3" [_thread_blocked, id=3468, stack(0x00000000301a0000,0x00000000302a0000)]
  0x00000000241b6000 JavaThread "Execution worker for ':' Thread 2" [_thread_blocked, id=12388, stack(0x00000000300a0000,0x00000000301a0000)]
  0x000000001d519800 JavaThread "Execution worker for ':'" [_thread_blocked, id=15392, stack(0x000000002f800000,0x000000002f900000)]
  0x000000001d51e800 JavaThread "Cache worker for file content cache (D:\Document\Bangkit\Dicoding\Menjadi Android Developer Expert\MovieTvShowApp\.gradle\6.5\fileContent)" [_thread_blocked, id=20040, stack(0x000000002fa40000,0x000000002fb40000)]
  0x000000001d51b800 JavaThread "Memory manager" [_thread_blocked, id=15052, stack(0x000000002f940000,0x000000002fa40000)]
  0x000000001d51e000 JavaThread "pool-1-thread-1" [_thread_blocked, id=15020, stack(0x000000002d530000,0x000000002d630000)]
  0x000000001d51c800 JavaThread "Cache worker for Build Output Cleanup Cache (D:\Document\Bangkit\Dicoding\Menjadi Android Developer Expert\MovieTvShowApp\.gradle\buildOutputCleanup)" [_thread_blocked, id=21340, stack(0x000000002d000000,0x000000002d100000)]
  0x000000001d51d000 JavaThread "jar transforms Thread 114" [_thread_blocked, id=21952, stack(0x000000002cf00000,0x000000002d000000)]
  0x000000001d512000 JavaThread "jar transforms Thread 113" [_thread_blocked, id=21572, stack(0x000000002ce00000,0x000000002cf00000)]
  0x000000001d518800 JavaThread "jar transforms Thread 112" [_thread_blocked, id=6820, stack(0x000000002cd00000,0x000000002ce00000)]
  0x000000001d511000 JavaThread "jar transforms Thread 111" [_thread_blocked, id=20492, stack(0x000000002cc00000,0x000000002cd00000)]
  0x000000001d518000 JavaThread "jar transforms Thread 110" [_thread_blocked, id=21276, stack(0x000000002cb00000,0x000000002cc00000)]
  0x000000001d517000 JavaThread "jar transforms Thread 109" [_thread_blocked, id=11352, stack(0x000000002ca00000,0x000000002cb00000)]
  0x000000001d514000 JavaThread "jar transforms Thread 108" [_thread_blocked, id=17484, stack(0x000000002c900000,0x000000002ca00000)]
  0x000000001d516800 JavaThread "jar transforms Thread 107" [_thread_blocked, id=14744, stack(0x000000002c800000,0x000000002c900000)]
  0x000000001d515800 JavaThread "jar transforms Thread 106" [_thread_blocked, id=5944, stack(0x000000002c700000,0x000000002c800000)]
  0x000000001d513800 JavaThread "jar transforms Thread 105" [_thread_blocked, id=18116, stack(0x000000002c600000,0x000000002c700000)]
  0x000000001d515000 JavaThread "jar transforms Thread 104" [_thread_blocked, id=18596, stack(0x000000002c500000,0x000000002c600000)]
  0x000000001d50f800 JavaThread "jar transforms Thread 103" [_thread_blocked, id=22160, stack(0x000000002c400000,0x000000002c500000)]
  0x000000001d512800 JavaThread "jar transforms Thread 102" [_thread_blocked, id=9444, stack(0x000000002c300000,0x000000002c400000)]
  0x000000001d510800 JavaThread "jar transforms Thread 101" [_thread_blocked, id=9260, stack(0x000000002c200000,0x000000002c300000)]
  0x000000002380f800 JavaThread "jar transforms Thread 100" [_thread_blocked, id=18072, stack(0x000000002c100000,0x000000002c200000)]
  0x000000002380f000 JavaThread "jar transforms Thread 99" [_thread_blocked, id=9568, stack(0x000000002c000000,0x000000002c100000)]
  0x000000002380e000 JavaThread "jar transforms Thread 98" [_thread_blocked, id=17580, stack(0x000000002be00000,0x000000002bf00000)]
  0x000000002380d800 JavaThread "jar transforms Thread 97" [_thread_blocked, id=7328, stack(0x000000002bd00000,0x000000002be00000)]
  0x000000002380c800 JavaThread "jar transforms Thread 96" [_thread_blocked, id=1636, stack(0x000000002bc00000,0x000000002bd00000)]
  0x000000002380c000 JavaThread "jar transforms Thread 95" [_thread_blocked, id=8940, stack(0x000000002bb00000,0x000000002bc00000)]
  0x000000002380b000 JavaThread "jar transforms Thread 94" [_thread_blocked, id=10952, stack(0x000000002ba00000,0x000000002bb00000)]
  0x0000000023803800 JavaThread "jar transforms Thread 93" [_thread_blocked, id=8332, stack(0x000000002b900000,0x000000002ba00000)]
  0x0000000023809000 JavaThread "jar transforms Thread 92" [_thread_blocked, id=16656, stack(0x000000002b800000,0x000000002b900000)]
  0x000000002380a800 JavaThread "jar transforms Thread 91" [_thread_blocked, id=19164, stack(0x000000002b700000,0x000000002b800000)]
  0x0000000023808000 JavaThread "jar transforms Thread 90" [_thread_blocked, id=22488, stack(0x000000002b600000,0x000000002b700000)]
  0x0000000023807800 JavaThread "jar transforms Thread 89" [_thread_blocked, id=21484, stack(0x000000002b500000,0x000000002b600000)]
  0x0000000023806000 JavaThread "jar transforms Thread 88" [_thread_blocked, id=7184, stack(0x000000002b400000,0x000000002b500000)]
  0x0000000023804800 JavaThread "jar transforms Thread 87" [_thread_blocked, id=22020, stack(0x000000002b300000,0x000000002b400000)]
  0x0000000023806800 JavaThread "jar transforms Thread 86" [_thread_blocked, id=20744, stack(0x000000002b200000,0x000000002b300000)]
  0x0000000023803000 JavaThread "jar transforms Thread 85" [_thread_blocked, id=1620, stack(0x000000002b100000,0x000000002b200000)]
  0x0000000023809800 JavaThread "jar transforms Thread 84" [_thread_blocked, id=22836, stack(0x000000002b000000,0x000000002b100000)]
  0x0000000023805000 JavaThread "jar transforms Thread 83" [_thread_blocked, id=13080, stack(0x000000002af00000,0x000000002b000000)]
  0x0000000023801800 JavaThread "jar transforms Thread 82" [_thread_blocked, id=14024, stack(0x000000002ae00000,0x000000002af00000)]
  0x0000000023802000 JavaThread "jar transforms Thread 81" [_thread_blocked, id=3792, stack(0x000000002ad00000,0x000000002ae00000)]
  0x0000000023800800 JavaThread "jar transforms Thread 80" [_thread_blocked, id=21956, stack(0x000000002ac00000,0x000000002ad00000)]
  0x000000001fc11800 JavaThread "jar transforms Thread 79" [_thread_blocked, id=19968, stack(0x000000002ab00000,0x000000002ac00000)]
  0x000000001fc17800 JavaThread "jar transforms Thread 78" [_thread_blocked, id=17228, stack(0x000000002aa00000,0x000000002ab00000)]
  0x000000001fc16800 JavaThread "jar transforms Thread 77" [_thread_blocked, id=14084, stack(0x000000002a900000,0x000000002aa00000)]
  0x000000001fc14800 JavaThread "jar transforms Thread 76" [_thread_blocked, id=19248, stack(0x000000002a800000,0x000000002a900000)]
  0x000000001fc12000 JavaThread "jar transforms Thread 75" [_thread_blocked, id=11332, stack(0x000000002a700000,0x000000002a800000)]
  0x000000001fc13800 JavaThread "jar transforms Thread 74" [_thread_blocked, id=1488, stack(0x000000002a600000,0x000000002a700000)]
  0x000000001fc13000 JavaThread "jar transforms Thread 73" [_thread_blocked, id=20588, stack(0x000000002a500000,0x000000002a600000)]
  0x000000001fc15000 JavaThread "jar transforms Thread 72" [_thread_blocked, id=2384, stack(0x000000002a400000,0x000000002a500000)]
  0x000000001fc16000 JavaThread "jar transforms Thread 71" [_thread_blocked, id=22384, stack(0x000000002a300000,0x000000002a400000)]
  0x000000001fc0a000 JavaThread "jar transforms Thread 70" [_thread_blocked, id=20952, stack(0x000000002a200000,0x000000002a300000)]
  0x000000001fc10800 JavaThread "jar transforms Thread 69" [_thread_blocked, id=12292, stack(0x000000002a100000,0x000000002a200000)]
  0x000000001fc10000 JavaThread "jar transforms Thread 68" [_thread_blocked, id=9324, stack(0x000000002a000000,0x000000002a100000)]
  0x000000001fc0d800 JavaThread "jar transforms Thread 67" [_thread_blocked, id=3368, stack(0x0000000029f00000,0x000000002a000000)]
  0x000000001fc0d000 JavaThread "jar transforms Thread 66" [_thread_blocked, id=11080, stack(0x0000000029e00000,0x0000000029f00000)]
  0x000000001fc09000 JavaThread "jar transforms Thread 65" [_thread_blocked, id=8472, stack(0x0000000029d00000,0x0000000029e00000)]
  0x000000001fc08800 JavaThread "jar transforms Thread 64" [_thread_blocked, id=18168, stack(0x0000000029c00000,0x0000000029d00000)]
  0x000000001fc0c000 JavaThread "jar transforms Thread 63" [_thread_blocked, id=11624, stack(0x0000000029b00000,0x0000000029c00000)]
  0x000000001fc0f000 JavaThread "jar transforms Thread 62" [_thread_blocked, id=4984, stack(0x0000000029a00000,0x0000000029b00000)]
  0x000000001fc0b800 JavaThread "jar transforms Thread 61" [_thread_blocked, id=1140, stack(0x0000000029900000,0x0000000029a00000)]
  0x000000001fc0a800 JavaThread "jar transforms Thread 60" [_thread_blocked, id=18216, stack(0x0000000029800000,0x0000000029900000)]
  0x000000001fc0e800 JavaThread "jar transforms Thread 59" [_thread_blocked, id=22580, stack(0x0000000029700000,0x0000000029800000)]
  0x00000000230da800 JavaThread "jar transforms Thread 58" [_thread_blocked, id=6028, stack(0x0000000029600000,0x0000000029700000)]
  0x00000000230da000 JavaThread "jar transforms Thread 57" [_thread_blocked, id=4700, stack(0x0000000029500000,0x0000000029600000)]
  0x00000000230d9000 JavaThread "jar transforms Thread 56" [_thread_blocked, id=10448, stack(0x0000000029400000,0x0000000029500000)]
  0x00000000230d8800 JavaThread "jar transforms Thread 55" [_thread_blocked, id=2164, stack(0x0000000029300000,0x0000000029400000)]
  0x00000000230d1000 JavaThread "jar transforms Thread 54" [_thread_blocked, id=21020, stack(0x0000000029200000,0x0000000029300000)]
  0x00000000230d7800 JavaThread "jar transforms Thread 53" [_thread_blocked, id=21516, stack(0x0000000029100000,0x0000000029200000)]
  0x00000000230d0000 JavaThread "jar transforms Thread 52" [_thread_blocked, id=16768, stack(0x0000000029000000,0x0000000029100000)]
  0x00000000230d7000 JavaThread "jar transforms Thread 51" [_thread_blocked, id=8144, stack(0x0000000028f00000,0x0000000029000000)]
  0x00000000230d6000 JavaThread "jar transforms Thread 50" [_thread_blocked, id=16424, stack(0x0000000028e00000,0x0000000028f00000)]
  0x00000000230d5800 JavaThread "jar transforms Thread 49" [_thread_blocked, id=21528, stack(0x0000000028d00000,0x0000000028e00000)]
  0x00000000230ce000 JavaThread "jar transforms Thread 48" [_thread_blocked, id=3568, stack(0x0000000028c00000,0x0000000028d00000)]
  0x00000000230ce800 JavaThread "jar transforms Thread 47" [_thread_blocked, id=9904, stack(0x0000000028b00000,0x0000000028c00000)]
  0x00000000230d4800 JavaThread "jar transforms Thread 46" [_thread_blocked, id=18900, stack(0x0000000028a00000,0x0000000028b00000)]
  0x00000000230d4000 JavaThread "jar transforms Thread 45" [_thread_blocked, id=16572, stack(0x0000000028900000,0x0000000028a00000)]
  0x00000000230d3000 JavaThread "jar transforms Thread 44" [_thread_blocked, id=11252, stack(0x0000000028800000,0x0000000028900000)]
  0x00000000230cf800 JavaThread "jar transforms Thread 43" [_thread_blocked, id=14456, stack(0x0000000028700000,0x0000000028800000)]
  0x00000000230d2800 JavaThread "jar transforms Thread 42" [_thread_blocked, id=2716, stack(0x0000000028600000,0x0000000028700000)]
  0x00000000230d1800 JavaThread "jar transforms Thread 41" [_thread_blocked, id=21040, stack(0x0000000028500000,0x0000000028600000)]
  0x00000000230cb800 JavaThread "jar transforms Thread 40" [_thread_blocked, id=10680, stack(0x0000000028400000,0x0000000028500000)]
  0x00000000230cd000 JavaThread "jar transforms Thread 39" [_thread_blocked, id=18508, stack(0x0000000028300000,0x0000000028400000)]
  0x00000000230cc800 JavaThread "jar transforms Thread 38" [_thread_blocked, id=21292, stack(0x0000000028200000,0x0000000028300000)]
  0x000000001ccc2800 JavaThread "jar transforms Thread 37" [_thread_blocked, id=23248, stack(0x0000000028100000,0x0000000028200000)]
  0x000000001ccc1800 JavaThread "jar transforms Thread 36" [_thread_blocked, id=1836, stack(0x0000000028000000,0x0000000028100000)]
  0x000000001ccc1000 JavaThread "jar transforms Thread 35" [_thread_blocked, id=21768, stack(0x0000000027f00000,0x0000000028000000)]
  0x000000001ccc0000 JavaThread "jar transforms Thread 34" [_thread_blocked, id=12936, stack(0x0000000027e00000,0x0000000027f00000)]
  0x000000001ccbf800 JavaThread "jar transforms Thread 33" [_thread_blocked, id=23136, stack(0x0000000027d00000,0x0000000027e00000)]
  0x000000001ccbe800 JavaThread "jar transforms Thread 32" [_thread_blocked, id=10920, stack(0x0000000027c00000,0x0000000027d00000)]
  0x000000001ccbe000 JavaThread "jar transforms Thread 31" [_thread_blocked, id=14512, stack(0x0000000027b00000,0x0000000027c00000)]
  0x000000001ccbd000 JavaThread "jar transforms Thread 30" [_thread_blocked, id=12460, stack(0x0000000027a00000,0x0000000027b00000)]
  0x000000001ccb5800 JavaThread "jar transforms Thread 29" [_thread_blocked, id=18716, stack(0x0000000027900000,0x0000000027a00000)]
  0x000000001ccbc800 JavaThread "jar transforms Thread 28" [_thread_blocked, id=3684, stack(0x0000000027800000,0x0000000027900000)]
  0x000000001ccbb800 JavaThread "jar transforms Thread 27" [_thread_blocked, id=21448, stack(0x0000000027700000,0x0000000027800000)]
  0x000000001ccb7000 JavaThread "jar transforms Thread 26" [_thread_blocked, id=10528, stack(0x0000000027600000,0x0000000027700000)]
  0x000000001ccb6800 JavaThread "jar transforms Thread 25" [_thread_blocked, id=5196, stack(0x0000000027500000,0x0000000027600000)]
  0x000000001ccba000 JavaThread "jar transforms Thread 24" [_thread_blocked, id=21872, stack(0x0000000027400000,0x0000000027500000)]
  0x000000001ccbb000 JavaThread "jar transforms Thread 23" [_thread_blocked, id=11784, stack(0x0000000027300000,0x0000000027400000)]
  0x000000001ccb4000 JavaThread "jar transforms Thread 22" [_thread_blocked, id=22796, stack(0x0000000027200000,0x0000000027300000)]
  0x000000001ccb8800 JavaThread "jar transforms Thread 21" [_thread_blocked, id=20500, stack(0x0000000027100000,0x0000000027200000)]
  0x000000001ccb8000 JavaThread "jar transforms Thread 20" [_thread_blocked, id=21840, stack(0x0000000027000000,0x0000000027100000)]
  0x000000001ccb9800 JavaThread "jar transforms Thread 19" [_thread_blocked, id=18928, stack(0x0000000026f00000,0x0000000027000000)]
  0x000000001ccb5000 JavaThread "jar transforms Thread 18" [_thread_blocked, id=10296, stack(0x0000000026e00000,0x0000000026f00000)]
  0x000000001ccb3800 JavaThread "jar transforms Thread 17" [_thread_blocked, id=18060, stack(0x0000000026d00000,0x0000000026e00000)]
  0x000000001c3b0800 JavaThread "jar transforms Thread 16" [_thread_blocked, id=2264, stack(0x0000000026c00000,0x0000000026d00000)]
  0x000000001c3b2000 JavaThread "jar transforms Thread 15" [_thread_blocked, id=23484, stack(0x0000000026b00000,0x0000000026c00000)]
  0x000000001c3b0000 JavaThread "jar transforms Thread 14" [_thread_blocked, id=9256, stack(0x0000000026a00000,0x0000000026b00000)]
  0x000000001c3af000 JavaThread "jar transforms Thread 13" [_thread_blocked, id=17216, stack(0x0000000026900000,0x0000000026a00000)]
  0x000000001c3b6000 JavaThread "jar transforms Thread 12" [_thread_blocked, id=19316, stack(0x0000000026800000,0x0000000026900000)]
  0x000000001c3b5000 JavaThread "jar transforms Thread 11" [_thread_blocked, id=14444, stack(0x0000000026700000,0x0000000026800000)]
  0x000000001c3b4800 JavaThread "jar transforms Thread 10" [_thread_blocked, id=15992, stack(0x0000000026600000,0x0000000026700000)]
  0x000000001c3b3800 JavaThread "jar transforms Thread 9" [_thread_blocked, id=7756, stack(0x0000000026500000,0x0000000026600000)]
  0x000000001c3b1800 JavaThread "jar transforms Thread 8" [_thread_blocked, id=21828, stack(0x0000000026400000,0x0000000026500000)]
  0x000000001c3b3000 JavaThread "jar transforms Thread 7" [_thread_blocked, id=20648, stack(0x0000000026300000,0x0000000026400000)]
  0x000000001db95800 JavaThread "jar transforms Thread 6" [_thread_blocked, id=18828, stack(0x0000000026200000,0x0000000026300000)]
  0x000000001db95000 JavaThread "jar transforms Thread 5" [_thread_blocked, id=20724, stack(0x0000000026100000,0x0000000026200000)]
  0x000000001db94000 JavaThread "jar transforms Thread 4" [_thread_blocked, id=628, stack(0x0000000026000000,0x0000000026100000)]
  0x000000001db93800 JavaThread "jar transforms Thread 3" [_thread_blocked, id=20980, stack(0x0000000025f00000,0x0000000026000000)]
  0x000000001db92800 JavaThread "jar transforms Thread 2" [_thread_blocked, id=19816, stack(0x0000000025e00000,0x0000000025f00000)]
  0x000000001db98000 JavaThread "Build operations Thread 12" [_thread_blocked, id=20376, stack(0x0000000025d00000,0x0000000025e00000)]
  0x000000001db96800 JavaThread "Build operations Thread 11" [_thread_blocked, id=17436, stack(0x0000000025c00000,0x0000000025d00000)]
  0x000000001db97000 JavaThread "Build operations Thread 10" [_thread_blocked, id=7104, stack(0x0000000025b00000,0x0000000025c00000)]
  0x000000001db8b000 JavaThread "Build operations Thread 9" [_thread_blocked, id=9896, stack(0x0000000025a00000,0x0000000025b00000)]
  0x000000001db92000 JavaThread "Build operations Thread 8" [_thread_blocked, id=15804, stack(0x0000000025900000,0x0000000025a00000)]
  0x000000001db8a800 JavaThread "Build operations Thread 7" [_thread_blocked, id=19408, stack(0x0000000025800000,0x0000000025900000)]
  0x000000001db91000 JavaThread "Build operations Thread 6" [_thread_blocked, id=14952, stack(0x0000000025700000,0x0000000025800000)]
  0x000000001db89800 JavaThread "Build operations Thread 5" [_thread_blocked, id=17168, stack(0x0000000025600000,0x0000000025700000)]
  0x000000001db8f000 JavaThread "Build operations Thread 4" [_thread_blocked, id=2904, stack(0x0000000025500000,0x0000000025600000)]
  0x000000001db8d800 JavaThread "Build operations Thread 3" [_thread_blocked, id=16852, stack(0x0000000025400000,0x0000000025500000)]
  0x000000001db8c800 JavaThread "Build operations Thread 2" [_thread_blocked, id=15944, stack(0x0000000025300000,0x0000000025400000)]
  0x000000001db90800 JavaThread "Build operations" [_thread_blocked, id=20684, stack(0x0000000025200000,0x0000000025300000)]
  0x000000001d79f800 JavaThread "Cache worker for file content cache (C:\Users\Briliantino\.gradle\caches\6.5\fileContent)" [_thread_blocked, id=13528, stack(0x0000000024b00000,0x0000000024c00000)]
  0x000000001d79e800 JavaThread "jar transforms" [_thread_blocked, id=19344, stack(0x0000000024a00000,0x0000000024b00000)]
  0x000000001d79e000 JavaThread "Cache worker for execution history cache (C:\Users\Briliantino\.gradle\caches\6.5\executionHistory)" [_thread_blocked, id=12644, stack(0x00000000232a0000,0x00000000233a0000)]
  0x000000001d79c800 JavaThread "Cache worker for cache directory md-rule (C:\Users\Briliantino\.gradle\caches\6.5\md-rule)" [_thread_blocked, id=21008, stack(0x00000000231a0000,0x00000000232a0000)]
  0x000000001d79b800 JavaThread "Cache worker for cache directory md-supplier (C:\Users\Briliantino\.gradle\caches\6.5\md-supplier)" [_thread_blocked, id=11260, stack(0x0000000021e50000,0x0000000021f50000)]
  0x000000001d79b000 JavaThread "Cache worker for checksums cache (D:\Document\Bangkit\Dicoding\Menjadi Android Developer Expert\MovieTvShowApp\.gradle\checksums)" [_thread_blocked, id=18988, stack(0x0000000021d50000,0x0000000021e50000)]
  0x000000001d7a1000 JavaThread "Cache worker for file hash cache (D:\Document\Bangkit\Dicoding\Menjadi Android Developer Expert\MovieTvShowApp\.gradle\6.5\fileHashes)" [_thread_blocked, id=9480, stack(0x000000001f870000,0x000000001f970000)]
  0x000000001d79d000 JavaThread "Cache worker for file hash cache (C:\Users\Briliantino\.gradle\caches\6.5\fileHashes)" [_thread_blocked, id=9964, stack(0x000000001f770000,0x000000001f870000)]
  0x000000001d79a000 JavaThread "File lock request listener" [_thread_in_native, id=20752, stack(0x000000001f670000,0x000000001f770000)]
  0x000000001d45b000 JavaThread "Cache worker for journal cache (C:\Users\Briliantino\.gradle\caches\journal-1)" [_thread_blocked, id=9060, stack(0x000000001f570000,0x000000001f670000)]
  0x000000001d3f8800 JavaThread "Thread-9" [_thread_blocked, id=22084, stack(0x000000001f270000,0x000000001f370000)]
  0x000000001d3f7800 JavaThread "Stdin handler" [_thread_blocked, id=22876, stack(0x000000001f170000,0x000000001f270000)]
  0x000000001d3e4000 JavaThread "Asynchronous log dispatcher for DefaultDaemonConnection: socket connection from /127.0.0.1:51748 to /127.0.0.1:51749" [_thread_blocked, id=23196, stack(0x000000001f070000,0x000000001f170000)]
  0x000000001d3ed800 JavaThread "Daemon worker" [_thread_blocked, id=9940, stack(0x000000001ef70000,0x000000001f070000)]
  0x000000001d417000 JavaThread "Cancel handler" [_thread_blocked, id=19208, stack(0x000000001ee70000,0x000000001ef70000)]
  0x000000001cc10000 JavaThread "Handler for socket connection from /127.0.0.1:51748 to /127.0.0.1:51749" [_thread_in_native, id=4184, stack(0x000000001eb70000,0x000000001ec70000)]
  0x000000001cc0b000 JavaThread "Daemon" [_thread_blocked, id=22140, stack(0x000000001e970000,0x000000001ea70000)]
  0x000000001d399800 JavaThread "Daemon periodic checks" [_thread_blocked, id=18300, stack(0x000000001e870000,0x000000001e970000)]
  0x000000001d34b000 JavaThread "Incoming local TCP Connector on port 51748" [_thread_in_native, id=17028, stack(0x000000001e630000,0x000000001e730000)]
  0x000000001d2e2000 JavaThread "Daemon health stats" [_thread_blocked, id=13096, stack(0x000000001dff0000,0x000000001e0f0000)]
  0x0000000019a9f000 JavaThread "Service Thread" daemon [_thread_blocked, id=17800, stack(0x000000001b450000,0x000000001b550000)]
  0x0000000019a16800 JavaThread "C1 CompilerThread3" daemon [_thread_blocked, id=19356, stack(0x000000001b350000,0x000000001b450000)]
  0x0000000019a15800 JavaThread "C2 CompilerThread2" daemon [_thread_in_native, id=10304, stack(0x000000001b250000,0x000000001b350000)]
=>0x0000000019a10800 JavaThread "C2 CompilerThread1" daemon [_thread_in_native, id=19112, stack(0x000000001b150000,0x000000001b250000)]
  0x0000000019a0c000 JavaThread "C2 CompilerThread0" daemon [_thread_blocked, id=14248, stack(0x000000001b050000,0x000000001b150000)]
  0x0000000019a06000 JavaThread "Attach Listener" daemon [_thread_blocked, id=10384, stack(0x000000001af50000,0x000000001b050000)]
  0x0000000019a02000 JavaThread "Signal Dispatcher" daemon [_thread_blocked, id=8272, stack(0x000000001ae50000,0x000000001af50000)]
  0x00000000030ab000 JavaThread "Finalizer" daemon [_thread_blocked, id=10724, stack(0x000000001ac50000,0x000000001ad50000)]
  0x000000001831c800 JavaThread "Reference Handler" daemon [_thread_blocked, id=15364, stack(0x000000001ab50000,0x000000001ac50000)]
  0x0000000002fb2800 JavaThread "main" [_thread_blocked, id=7372, stack(0x0000000002eb0000,0x0000000002fb0000)]

Other Threads:
  0x0000000018316000 VMThread [stack: 0x000000001aa50000,0x000000001ab50000] [id=5192]
  0x0000000019a9f800 WatcherThread [stack: 0x000000001b550000,0x000000001b650000] [id=22920]

VM state:at safepoint (normal execution)

VM Mutex/Monitor currently owned by a thread:  ([mutex/lock_event])
[0x0000000002eae510] Threads_lock - owner thread: 0x0000000018316000
[0x0000000002eae490] Heap_lock - owner thread: 0x000000001db92000

heap address: 0x0000000080000000, size: 2048 MB, Compressed Oops mode: 32-bit
Narrow klass base: 0x0000000000000000, Narrow klass shift: 3
Compressed class space size: 1073741824 Address: 0x0000000100000000

Heap:
 PSYoungGen      total 612864K, used 612616K [0x00000000d5580000, 0x0000000100000000, 0x0000000100000000)
  eden space 561664K, 100% used [0x00000000d5580000,0x00000000f7a00000,0x00000000f7a00000)
  from space 51200K, 99% used [0x00000000f7a00000,0x00000000fabc23a8,0x00000000fac00000)
  to   space 72192K, 11% used [0x00000000fb980000,0x00000000fc15c030,0x0000000100000000)
 ParOldGen       total 472064K, used 211085K [0x0000000080000000, 0x000000009cd00000, 0x00000000d5580000)
  object space 472064K, 44% used [0x0000000080000000,0x000000008ce235f8,0x000000009cd00000)
 Metaspace       used 82268K, capacity 86474K, committed 89752K, reserved 1126400K
  class space    used 11128K, capacity 11910K, committed 12720K, reserved 1048576K

Card table byte_map: [0x0000000012470000,0x0000000012880000] byte_map_base: 0x0000000012070000

Marking Bits: (ParMarkBitMap*) 0x0000000054c8f030
 Begin Bits: [0x0000000013530000, 0x0000000015530000)
 End Bits:   [0x0000000015530000, 0x0000000017530000)

Polling page: 0x00000000015f0000

CodeCache: size=245760Kb used=40367Kb max_used=40367Kb free=205392Kb
 bounds [0x00000000030b0000, 0x0000000005840000, 0x00000000120b0000]
 total_blobs=12930 nmethods=12108 adapters=732
 compilation: enabled

Compilation events (10 events):
Event: 11.099 Thread 0x0000000019a16800 nmethod 14155 0x000000000583cdd0 code [0x000000000583cf40, 0x000000000583d148]
Event: 11.099 Thread 0x0000000019a16800 14158       2       com.android.tools.r8.dex.r::a (19 bytes)
Event: 11.099 Thread 0x0000000019a16800 nmethod 14158 0x000000000583d310 code [0x000000000583d480, 0x000000000583d608]
Event: 11.099 Thread 0x0000000019a16800 14162 %     3       com.android.tools.r8.utils.s0::b @ 5 (44 bytes)
Event: 11.099 Thread 0x0000000019a16800 nmethod 14162% 0x000000000583d710 code [0x000000000583d8e0, 0x000000000583df18]
Event: 11.099 Thread 0x0000000019a16800 14150       2       com.android.tools.r8.utils.m0::b (21 bytes)
Event: 11.100 Thread 0x0000000019a16800 nmethod 14150 0x000000000583e2d0 code [0x000000000583e440, 0x000000000583e688]
Event: 11.100 Thread 0x0000000019a16800 14151       2       com.android.tools.r8.utils.m0$$Lambda$1685/1355866172::get$Lambda (9 bytes)
Event: 11.100 Thread 0x0000000019a16800 nmethod 14151 0x000000000583e7d0 code [0x000000000583e920, 0x000000000583eab0]
Event: 11.100 Thread 0x0000000019a16800 14164       3       com.android.tools.r8.utils.s0::b (44 bytes)

GC Heap History (10 events):
Event: 9.510 GC heap before
{Heap before GC invocations=19 (full 4):
 PSYoungGen      total 622080K, used 571315K [0x00000000d5580000, 0x00000000ff880000, 0x0000000100000000)
  eden space 551936K, 100% used [0x00000000d5580000,0x00000000f7080000,0x00000000f7080000)
  from space 70144K, 27% used [0x00000000fb400000,0x00000000fc6ecf70,0x00000000ff880000)
  to   space 69120K, 0% used [0x00000000f7080000,0x00000000f7080000,0x00000000fb400000)
 ParOldGen       total 472064K, used 188292K [0x0000000080000000, 0x000000009cd00000, 0x00000000d5580000)
  object space 472064K, 39% used [0x0000000080000000,0x000000008b7e11b8,0x000000009cd00000)
 Metaspace       used 81014K, capacity 84974K, committed 88344K, reserved 1124352K
  class space    used 11087K, capacity 11828K, committed 12592K, reserved 1048576K
Event: 9.523 GC heap after
Heap after GC invocations=19 (full 4):
 PSYoungGen      total 621056K, used 28425K [0x00000000d5580000, 0x00000000ff800000, 0x0000000100000000)
  eden space 551936K, 0% used [0x00000000d5580000,0x00000000d5580000,0x00000000f7080000)
  from space 69120K, 41% used [0x00000000f7080000,0x00000000f8c42430,0x00000000fb400000)
  to   space 65536K, 0% used [0x00000000fb800000,0x00000000fb800000,0x00000000ff800000)
 ParOldGen       total 472064K, used 188292K [0x0000000080000000, 0x000000009cd00000, 0x00000000d5580000)
  object space 472064K, 39% used [0x0000000080000000,0x000000008b7e11b8,0x000000009cd00000)
 Metaspace       used 81014K, capacity 84974K, committed 88344K, reserved 1124352K
  class space    used 11087K, capacity 11828K, committed 12592K, reserved 1048576K
}
Event: 9.851 GC heap before
{Heap before GC invocations=20 (full 4):
 PSYoungGen      total 621056K, used 580361K [0x00000000d5580000, 0x00000000ff800000, 0x0000000100000000)
  eden space 551936K, 100% used [0x00000000d5580000,0x00000000f7080000,0x00000000f7080000)
  from space 69120K, 41% used [0x00000000f7080000,0x00000000f8c42430,0x00000000fb400000)
  to   space 65536K, 0% used [0x00000000fb800000,0x00000000fb800000,0x00000000ff800000)
 ParOldGen       total 472064K, used 188292K [0x0000000080000000, 0x000000009cd00000, 0x00000000d5580000)
  object space 472064K, 39% used [0x0000000080000000,0x000000008b7e11b8,0x000000009cd00000)
 Metaspace       used 81428K, capacity 85486K, committed 88856K, reserved 1126400K
  class space    used 11087K, capacity 11828K, committed 12592K, reserved 1048576K
Event: 9.866 GC heap after
Heap after GC invocations=20 (full 4):
 PSYoungGen      total 625664K, used 36248K [0x00000000d5580000, 0x00000000ffb80000, 0x0000000100000000)
  eden space 560128K, 0% used [0x00000000d5580000,0x00000000d5580000,0x00000000f7880000)
  from space 65536K, 55% used [0x00000000fb800000,0x00000000fdb661d8,0x00000000ff800000)
  to   space 65024K, 0% used [0x00000000f7880000,0x00000000f7880000,0x00000000fb800000)
 ParOldGen       total 472064K, used 188292K [0x0000000080000000, 0x000000009cd00000, 0x00000000d5580000)
  object space 472064K, 39% used [0x0000000080000000,0x000000008b7e11b8,0x000000009cd00000)
 Metaspace       used 81428K, capacity 85486K, committed 88856K, reserved 1126400K
  class space    used 11087K, capacity 11828K, committed 12592K, reserved 1048576K
}
Event: 10.156 GC heap before
{Heap before GC invocations=21 (full 4):
 PSYoungGen      total 625664K, used 596376K [0x00000000d5580000, 0x00000000ffb80000, 0x0000000100000000)
  eden space 560128K, 100% used [0x00000000d5580000,0x00000000f7880000,0x00000000f7880000)
  from space 65536K, 55% used [0x00000000fb800000,0x00000000fdb661d8,0x00000000ff800000)
  to   space 65024K, 0% used [0x00000000f7880000,0x00000000f7880000,0x00000000fb800000)
 ParOldGen       total 472064K, used 188292K [0x0000000080000000, 0x000000009cd00000, 0x00000000d5580000)
  object space 472064K, 39% used [0x0000000080000000,0x000000008b7e11b8,0x000000009cd00000)
 Metaspace       used 81643K, capacity 85650K, committed 89112K, reserved 1126400K
  class space    used 11087K, capacity 11828K, committed 12592K, reserved 1048576K
Event: 10.179 GC heap after
Heap after GC invocations=21 (full 4):
 PSYoungGen      total 625152K, used 44182K [0x00000000d5580000, 0x0000000100000000, 0x0000000100000000)
  eden space 560128K, 0% used [0x00000000d5580000,0x00000000d5580000,0x00000000f7880000)
  from space 65024K, 67% used [0x00000000f7880000,0x00000000fa3a5958,0x00000000fb800000)
  to   space 67584K, 0% used [0x00000000fbe00000,0x00000000fbe00000,0x0000000100000000)
 ParOldGen       total 472064K, used 188300K [0x0000000080000000, 0x000000009cd00000, 0x00000000d5580000)
  object space 472064K, 39% used [0x0000000080000000,0x000000008b7e31b8,0x000000009cd00000)
 Metaspace       used 81643K, capacity 85650K, committed 89112K, reserved 1126400K
  class space    used 11087K, capacity 11828K, committed 12592K, reserved 1048576K
}
Event: 10.466 GC heap before
{Heap before GC invocations=22 (full 4):
 PSYoungGen      total 625152K, used 604310K [0x00000000d5580000, 0x0000000100000000, 0x0000000100000000)
  eden space 560128K, 100% used [0x00000000d5580000,0x00000000f7880000,0x00000000f7880000)
  from space 65024K, 67% used [0x00000000f7880000,0x00000000fa3a5958,0x00000000fb800000)
  to   space 67584K, 0% used [0x00000000fbe00000,0x00000000fbe00000,0x0000000100000000)
 ParOldGen       total 472064K, used 188300K [0x0000000080000000, 0x000000009cd00000, 0x00000000d5580000)
  object space 472064K, 39% used [0x0000000080000000,0x000000008b7e31b8,0x000000009cd00000)
 Metaspace       used 81749K, capacity 85816K, committed 89112K, reserved 1126400K
  class space    used 11090K, capacity 11833K, committed 12592K, reserved 1048576K
Event: 10.487 GC heap after
Heap after GC invocations=22 (full 4):
 PSYoungGen      total 629248K, used 42112K [0x00000000d5580000, 0x0000000100000000, 0x0000000100000000)
  eden space 561664K, 0% used [0x00000000d5580000,0x00000000d5580000,0x00000000f7a00000)
  from space 67584K, 62% used [0x00000000fbe00000,0x00000000fe720110,0x0000000100000000)
  to   space 68608K, 0% used [0x00000000f7a00000,0x00000000f7a00000,0x00000000fbd00000)
 ParOldGen       total 472064K, used 198294K [0x0000000080000000, 0x000000009cd00000, 0x00000000d5580000)
  object space 472064K, 42% used [0x0000000080000000,0x000000008c1a5918,0x000000009cd00000)
 Metaspace       used 81749K, capacity 85816K, committed 89112K, reserved 1126400K
  class space    used 11090K, capacity 11833K, committed 12592K, reserved 1048576K
}
Event: 10.807 GC heap before
{Heap before GC invocations=23 (full 4):
 PSYoungGen      total 629248K, used 603776K [0x00000000d5580000, 0x0000000100000000, 0x0000000100000000)
  eden space 561664K, 100% used [0x00000000d5580000,0x00000000f7a00000,0x00000000f7a00000)
  from space 67584K, 62% used [0x00000000fbe00000,0x00000000fe720110,0x0000000100000000)
  to   space 68608K, 0% used [0x00000000f7a00000,0x00000000f7a00000,0x00000000fbd00000)
 ParOldGen       total 472064K, used 198294K [0x0000000080000000, 0x000000009cd00000, 0x00000000d5580000)
  object space 472064K, 42% used [0x0000000080000000,0x000000008c1a5918,0x000000009cd00000)
 Metaspace       used 82200K, capacity 86400K, committed 89496K, reserved 1126400K
  class space    used 11127K, capacity 11909K, committed 12720K, reserved 1048576K
Event: 10.831 GC heap after
Heap after GC invocations=23 (full 4):
 PSYoungGen      total 612864K, used 50952K [0x00000000d5580000, 0x0000000100000000, 0x0000000100000000)
  eden space 561664K, 0% used [0x00000000d5580000,0x00000000d5580000,0x00000000f7a00000)
  from space 51200K, 99% used [0x00000000f7a00000,0x00000000fabc23a8,0x00000000fac00000)
  to   space 72192K, 0% used [0x00000000fb980000,0x00000000fb980000,0x0000000100000000)
 ParOldGen       total 472064K, used 205352K [0x0000000080000000, 0x000000009cd00000, 0x00000000d5580000)
  object space 472064K, 43% used [0x0000000080000000,0x000000008c88a1d8,0x000000009cd00000)
 Metaspace       used 82200K, capacity 86400K, committed 89496K, reserved 1126400K
  class space    used 11127K, capacity 11909K, committed 12720K, reserved 1048576K
}

Deoptimization events (10 events):
Event: 10.338 Thread 0x000000001db8a800 Uncommon trap: reason=bimorphic action=maybe_recompile pc=0x000000000542a668 method=com.android.tools.r8.ir.conversion.N.a(ILcom/android/tools/r8/graph/s;)V @ 46
Event: 10.338 Thread 0x000000001db8a800 Uncommon trap: reason=bimorphic action=maybe_recompile pc=0x000000000542a668 method=com.android.tools.r8.ir.conversion.N.a(ILcom/android/tools/r8/graph/s;)V @ 46
Event: 10.343 Thread 0x000000001db8a800 Uncommon trap: reason=bimorphic action=maybe_recompile pc=0x000000000542a668 method=com.android.tools.r8.ir.conversion.N.a(ILcom/android/tools/r8/graph/s;)V @ 46
Event: 10.410 Thread 0x000000001db91000 Uncommon trap: reason=unstable_if action=reinterpret pc=0x0000000004b4a004 method=com.android.tools.r8.t.a.a.a.h.Z0.a(Ljava/lang/Object;)I @ 52
Event: 10.417 Thread 0x000000001db91000 Uncommon trap: reason=unstable_if action=reinterpret pc=0x0000000004c225bc method=com.android.tools.r8.graph.i0.b(Lcom/android/tools/r8/graph/i0;)I @ 83
Event: 10.433 Thread 0x000000001db91000 Uncommon trap: reason=unstable_if action=reinterpret pc=0x0000000003d0de68 method=java.util.Arrays.equals([Ljava/lang/Object;[Ljava/lang/Object;)Z @ 47
Event: 10.665 Thread 0x000000001d79e000 Uncommon trap: reason=unstable_if action=reinterpret pc=0x0000000003700710 method=com.esotericsoftware.kryo.io.Output.writeString(Ljava/lang/CharSequence;)V @ 50
Event: 10.666 Thread 0x000000001d79e000 Uncommon trap: reason=unstable_if action=reinterpret pc=0x0000000003701dec method=org.gradle.internal.io.StreamByteBuffer.prepareRead()I @ 30
Event: 10.705 Thread 0x000000001db92000 Uncommon trap: reason=null_check action=make_not_entrant pc=0x0000000004aab580 method=com.android.tools.r8.graph.i0.computeEquals(Ljava/lang/Object;)Z @ 1
Event: 10.753 Thread 0x000000001db8f000 Uncommon trap: reason=null_check action=make_not_entrant pc=0x000000000572146c method=com.android.tools.r8.graph.s.equals(Ljava/lang/Object;)Z @ 8

Classes redefined (0 events):
No events

Internal exceptions (10 events):
Event: 9.960 Thread 0x000000001db8f000 Implicit null exception at 0x000000000553b1ec to 0x000000000553ecd5
Event: 10.545 Thread 0x000000001db91000 Exception <a 'sun/nio/fs/WindowsException'> (0x00000000db424998) thrown at [C:\src\AOSP-openjdk-git\hotspot\src\share\vm\prims\jni.cpp, line 710]
Event: 10.600 Thread 0x000000001db91000 Exception <a 'sun/nio/fs/WindowsException'> (0x00000000e1dbdd30) thrown at [C:\src\AOSP-openjdk-git\hotspot\src\share\vm\prims\jni.cpp, line 710]
Event: 10.662 Thread 0x000000001db91000 Exception <a 'sun/nio/fs/WindowsException'> (0x00000000e7b67ad0) thrown at [C:\src\AOSP-openjdk-git\hotspot\src\share\vm\prims\jni.cpp, line 710]
Event: 10.705 Thread 0x000000001db92000 Implicit null exception at 0x0000000004aab40f to 0x0000000004aab571
Event: 10.706 Thread 0x000000001db91000 Exception <a 'sun/nio/fs/WindowsException'> (0x00000000ecc17250) thrown at [C:\src\AOSP-openjdk-git\hotspot\src\share\vm\prims\jni.cpp, line 710]
Event: 10.753 Thread 0x000000001db8f000 Implicit null exception at 0x000000000571f712 to 0x000000000572142e
Event: 10.834 Thread 0x000000001db92000 Exception <a 'sun/nio/fs/WindowsException'> (0x00000000d5f8b410) thrown at [C:\src\AOSP-openjdk-git\hotspot\src\share\vm\prims\jni.cpp, line 710]
Event: 10.892 Thread 0x000000001db92000 Exception <a 'sun/nio/fs/WindowsException'> (0x00000000dc981368) thrown at [C:\src\AOSP-openjdk-git\hotspot\src\share\vm\prims\jni.cpp, line 710]
Event: 10.938 Thread 0x000000001db92000 Exception <a 'sun/nio/fs/WindowsException'> (0x00000000e1703af8) thrown at [C:\src\AOSP-openjdk-git\hotspot\src\share\vm\prims\jni.cpp, line 710]

Events (10 events):
Event: 11.100 Thread 0x000000001db8b000 DEOPT UNPACKING pc=0x00000000030f75d0 sp=0x0000000025af9ea0 mode 0
Event: 11.103 Thread 0x000000001db90800 DEOPT PACKING pc=0x0000000004c64ef0 sp=0x00000000252fa120
Event: 11.103 Thread 0x000000001db90800 DEOPT UNPACKING pc=0x00000000030f75d0 sp=0x00000000252f9f68 mode 0
Event: 11.110 Thread 0x000000001db8c800 DEOPT PACKING pc=0x0000000004c653da sp=0x00000000253fa380
Event: 11.110 Thread 0x000000001db8c800 DEOPT UNPACKING pc=0x00000000030f75d0 sp=0x00000000253fa1d0 mode 0
Event: 11.120 Thread 0x000000001db98000 DEOPT PACKING pc=0x0000000004c64ef0 sp=0x0000000025dfa3b0
Event: 11.120 Thread 0x000000001db98000 DEOPT UNPACKING pc=0x00000000030f75d0 sp=0x0000000025dfa1f8 mode 0
Event: 11.126 Thread 0x000000001db98000 DEOPT PACKING pc=0x0000000004c653da sp=0x0000000025dfa3b0
Event: 11.126 Thread 0x000000001db98000 DEOPT UNPACKING pc=0x00000000030f75d0 sp=0x0000000025dfa200 mode 0
Event: 11.139 Executing VM operation: ParallelGCFailedAllocation


Dynamic libraries:
0x00007ff7bc280000 - 0x00007ff7bc2b1000 	C:\Program Files\Android\Android Studio\jre\bin\java.exe
0x00007ffa6ab70000 - 0x00007ffa6ad65000 	C:\WINDOWS\SYSTEM32\ntdll.dll
0x00007ffa68de0000 - 0x00007ffa68e9d000 	C:\WINDOWS\System32\KERNEL32.DLL
0x00007ffa688a0000 - 0x00007ffa68b68000 	C:\WINDOWS\System32\KERNELBASE.dll
0x00007ffa6a940000 - 0x00007ffa6a9ec000 	C:\WINDOWS\System32\ADVAPI32.dll
0x00007ffa68ce0000 - 0x00007ffa68d7e000 	C:\WINDOWS\System32\msvcrt.dll
0x00007ffa69170000 - 0x00007ffa6920b000 	C:\WINDOWS\System32\sechost.dll
0x00007ffa6a9f0000 - 0x00007ffa6ab1b000 	C:\WINDOWS\System32\RPCRT4.dll
0x00007ffa692b0000 - 0x00007ffa69450000 	C:\WINDOWS\System32\USER32.dll
0x00007ffa68630000 - 0x00007ffa68652000 	C:\WINDOWS\System32\win32u.dll
0x00007ffa69940000 - 0x00007ffa6996a000 	C:\WINDOWS\System32\GDI32.dll
0x00007ffa68520000 - 0x00007ffa6862b000 	C:\WINDOWS\System32\gdi32full.dll
0x00007ffa68480000 - 0x00007ffa6851d000 	C:\WINDOWS\System32\msvcp_win.dll
0x00007ffa68380000 - 0x00007ffa68480000 	C:\WINDOWS\System32\ucrtbase.dll
0x00007ffa676d0000 - 0x00007ffa6796a000 	C:\WINDOWS\WinSxS\amd64_microsoft.windows.common-controls_6595b64144ccf1df_6.0.19041.844_none_ca00b6081b84eb1d\COMCTL32.dll
0x00007ffa69210000 - 0x00007ffa69240000 	C:\WINDOWS\System32\IMM32.DLL
0x00000000543e0000 - 0x00000000544b2000 	C:\Program Files\Android\Android Studio\jre\jre\bin\msvcr100.dll
0x00000000544c0000 - 0x0000000054d0b000 	C:\Program Files\Android\Android Studio\jre\jre\bin\server\jvm.dll
0x00007ffa69970000 - 0x00007ffa69978000 	C:\WINDOWS\System32\PSAPI.DLL
0x00007ffa448d0000 - 0x00007ffa448d9000 	C:\WINDOWS\SYSTEM32\WSOCK32.dll
0x00007ffa4bde0000 - 0x00007ffa4be07000 	C:\WINDOWS\SYSTEM32\WINMM.dll
0x00007ffa60920000 - 0x00007ffa6092a000 	C:\WINDOWS\SYSTEM32\VERSION.dll
0x00007ffa69240000 - 0x00007ffa692ab000 	C:\WINDOWS\System32\WS2_32.dll
0x00007ffa63650000 - 0x00007ffa6365f000 	C:\Program Files\Android\Android Studio\jre\jre\bin\verify.dll
0x00007ffa5f310000 - 0x00007ffa5f339000 	C:\Program Files\Android\Android Studio\jre\jre\bin\java.dll
0x00007ffa5fa50000 - 0x00007ffa5fa66000 	C:\Program Files\Android\Android Studio\jre\jre\bin\zip.dll
0x00007ffa69980000 - 0x00007ffa6a0c2000 	C:\WINDOWS\System32\SHELL32.dll
0x00007ffa65d90000 - 0x00007ffa66520000 	C:\WINDOWS\SYSTEM32\windows.storage.dll
0x00007ffa695d0000 - 0x00007ffa69925000 	C:\WINDOWS\System32\combase.dll
0x00007ffa67630000 - 0x00007ffa6765c000 	C:\WINDOWS\SYSTEM32\Wldp.dll
0x00007ffa68c30000 - 0x00007ffa68cde000 	C:\WINDOWS\System32\SHCORE.dll
0x00007ffa68bd0000 - 0x00007ffa68c25000 	C:\WINDOWS\System32\shlwapi.dll
0x00007ffa681f0000 - 0x00007ffa6820f000 	C:\WINDOWS\SYSTEM32\profapi.dll
0x00007ffa5f2f0000 - 0x00007ffa5f30a000 	C:\Program Files\Android\Android Studio\jre\jre\bin\net.dll
0x00007ffa67510000 - 0x00007ffa6757a000 	C:\WINDOWS\system32\mswsock.dll
0x00007ffa53400000 - 0x00007ffa53413000 	C:\Program Files\Android\Android Studio\jre\jre\bin\nio.dll
0x00007ffa4f8c0000 - 0x00007ffa4f8e7000 	C:\Users\Briliantino\.gradle\native\f6784746aeab05261644944871eae4fe03e0ef1612fff0a4a95f87b438bc6780\windows-amd64\native-platform.dll
0x00007ffa619a0000 - 0x00007ffa619ad000 	C:\Program Files\Android\Android Studio\jre\jre\bin\management.dll
0x00007ffa68040000 - 0x00007ffa68058000 	C:\WINDOWS\SYSTEM32\CRYPTSP.dll
0x00007ffa66d60000 - 0x00007ffa66d94000 	C:\WINDOWS\system32\rsaenh.dll
0x00007ffa68870000 - 0x00007ffa68897000 	C:\WINDOWS\System32\bcrypt.dll
0x00007ffa68170000 - 0x00007ffa6819e000 	C:\WINDOWS\SYSTEM32\USERENV.dll
0x00007ffa682b0000 - 0x00007ffa68330000 	C:\WINDOWS\System32\bcryptprimitives.dll
0x00007ffa675f0000 - 0x00007ffa675fc000 	C:\WINDOWS\SYSTEM32\CRYPTBASE.dll
0x00007ffa67090000 - 0x00007ffa670cb000 	C:\WINDOWS\SYSTEM32\IPHLPAPI.DLL
0x00007ffa6ab20000 - 0x00007ffa6ab28000 	C:\WINDOWS\System32\NSI.dll
0x00007ffa61170000 - 0x00007ffa61187000 	C:\WINDOWS\SYSTEM32\dhcpcsvc6.DLL
0x00007ffa61070000 - 0x00007ffa6108d000 	C:\WINDOWS\SYSTEM32\dhcpcsvc.DLL
0x00007ffa670d0000 - 0x00007ffa6719c000 	C:\WINDOWS\SYSTEM32\DNSAPI.dll
0x00007ffa60610000 - 0x00007ffa6061b000 	C:\WINDOWS\SYSTEM32\WINNSI.DLL

VM Arguments:
jvm_args: -Xmx2048m -Dfile.encoding=UTF-8 -Duser.country=ID -Duser.language=en -Duser.variant 
java_command: org.gradle.launcher.daemon.bootstrap.GradleDaemon 6.5
java_class_path (initial): C:\Users\Briliantino\.gradle\wrapper\dists\gradle-6.5-bin\6nifqtx7604sqp1q6g8wikw7p\gradle-6.5\lib\gradle-launcher-6.5.jar
Launcher Type: SUN_STANDARD

Environment Variables:
JAVA_HOME=C:\Program Files\Java\jdk-13.0.2
PATH=C:\Python39\Scripts\;C:\Python39\;C:\Program Files (x86)\Common Files\Intel\Shared Libraries\redist\intel64\compiler;C:\Program Files (x86)\Common Files\Intel\Shared Files\cpp\bin\Intel64;C:\Program Files (x86)\Common Files\Oracle\Java\javapath;C:\ProgramData\Anaconda3;C:\ProgramData\Anaconda3\Library\mingw-w64\bin;C:\ProgramData\Anaconda3\Library\usr\bin;C:\ProgramData\Anaconda3\Library\bin;C:\ProgramData\Anaconda3\Scripts;C:\windows\system32;C:\windows;C:\windows\System32\Wbem;C:\windows\System32\WindowsPowerShell\v1.0\;C:\windows\System32\OpenSSH\;C:\Program Files (x86)\NVIDIA Corporation\PhysX\Common;C:\Program Files\NVIDIA Corporation\NVIDIA NvDLISR;C:\Program Files\Microsoft VS Code\bin;C:\Program Files\Polyspace\R2019a\runtime\win64;C:\Program Files\Polyspace\R2019a\bin;C:\Program Files\Polyspace\R2019a\polyspace\bin;C:\Program Files\Java\jdk1.8.0_231\bin;C:\WINDOWS\system32;C:\WINDOWS;C:\WINDOWS\System32\Wbem;C:\WINDOWS\System32\WindowsPowerShell\v1.0\;C:\WINDOWS\System32\OpenSSH\;C:\ProgramData\ComposerSetup\bin;C:\Program Files\nodejs\;C:\ProgramData\chocolatey\bin;C:\Program Files\Gradle\gradle-6.6\bin;C:\xampp\php;C:\Users\Briliantino\AppData\Local\Programs\Python\Python38-32\;C:\Users\Briliantino\AppData\Local\Microsoft\WindowsApps;C:\Users\Briliantino\AppData\Roaming\Composer\vendor\bin;C:\Program Files\Java\jdk-13.0.2\bin;C:\Users\Briliantino\AppData\Local\GitHubDesktop\bin;C:\Users\Briliantino\AppData\Roaming\npm;C:\src\flutter\bin;C:\Windows\System32;C:\Program Files\Git\bin\git.exe;C:\Program Files\Git\cmd;;C:\Program Files\JetBrains\IntelliJ IDEA 2020.1.3\bin;
USERNAME=Briliantino
OS=Windows_NT
PROCESSOR_IDENTIFIER=Intel64 Family 6 Model 158 Stepping 10, GenuineIntel



---------------  S Y S T E M  ---------------

OS: Windows 10.0 , 64 bit Build 19041 (10.0.19041.928)

CPU:total 12 (initial active 12) (6 cores per cpu, 2 threads per core) family 6 model 158 stepping 10, cmov, cx8, fxsr, mmx, sse, sse2, sse3, ssse3, sse4.1, sse4.2, popcnt, avx, avx2, aes, clmul, erms, 3dnowpref, lzcnt, ht, tsc, tscinvbit, bmi1, bmi2, adx

Memory: 4k page, physical 16613556k(2902852k free), swap 23298216k(7140k free)

vm_info: OpenJDK 64-Bit Server VM (25.242-b01) for windows-amd64 JRE (1.8.0_242-release-1644-b01), built by "builder" with MS VC++ 10.0 (VS2010)

time: Wed May 26 10:57:38 2021
timezone: SE Asia Standard Time
elapsed time: 11 seconds (0d 0h 0m 11s)

