#
# There is insufficient memory for the Java Runtime Environment to continue.
# Native memory allocation (malloc) failed to allocate 2045776 bytes for Chunk::new
# Possible reasons:
#   The system is out of physical RAM or swap space
#   The process is running with CompressedOops enabled, and the Java Heap may be blocking the growth of the native heap
# Possible solutions:
#   Reduce memory load on the system
#   Increase physical memory or swap space
#   Check if swap backing store is full
#   Decrease Java heap size (-Xmx/-Xms)
#   Decrease number of Java threads
#   Decrease Java thread stack sizes (-Xss)
#   Set larger code cache with -XX:ReservedCodeCacheSize=
#   JVM is running with Unscaled Compressed Oops mode in which the Java heap is
#     placed in the first 4GB address space. The Java Heap base address is the
#     maximum limit for the native heap growth. Please use -XX:HeapBaseMinAddress
#     to set the Java Heap base and to place the Java Heap above 4GB virtual address.
# This output file may be truncated or incomplete.
#
#  Out of Memory Error (allocation.cpp:389), pid=10892, tid=0x0000000000003a8c
#
# JRE version: OpenJDK Runtime Environment (8.0_242-b01) (build 1.8.0_242-release-1644-b01)
# Java VM: OpenJDK 64-Bit Server VM (25.242-b01 mixed mode windows-amd64 compressed oops)
# Failed to write core dump. Minidumps are not enabled by default on client versions of Windows
#

---------------  T H R E A D  ---------------

Current thread (0x0000000019c67800):  JavaThread "C2 CompilerThread0" daemon [_thread_in_native, id=14988, stack(0x000000001b2c0000,0x000000001b3c0000)]

Stack: [0x000000001b2c0000,0x000000001b3c0000]
[error occurred during error reporting (printing stack bounds), id 0xc0000005]

Native frames: (J=compiled Java code, j=interpreted, Vv=VM code, C=native code)


Current CompileTask:
C2:  18025 15176 %     4       com.android.tools.r8.ir.regalloc.a::a @ 2118 (3992 bytes)


---------------  P R O C E S S  ---------------

Java Threads: ( => current thread )
  0x000000001ffe2800 JavaThread "WorkerExecutor Queue" [_thread_blocked, id=21776, stack(0x0000000031500000,0x0000000031600000)]
  0x000000001ffe9000 JavaThread "Cache worker for execution history cache (D:\Document\Bangkit\Dicoding\Menjadi Android Developer Expert\MovieTvShowApp\.gradle\6.5\executionHistory)" [_thread_blocked, id=13164, stack(0x0000000030e00000,0x0000000030f00000)]
  0x000000001ffe7000 JavaThread "Execution worker for ':' Thread 11" [_thread_blocked, id=22676, stack(0x0000000030d00000,0x0000000030e00000)]
  0x000000001ffe3000 JavaThread "Execution worker for ':' Thread 10" [_thread_blocked, id=4084, stack(0x0000000030c00000,0x0000000030d00000)]
  0x000000001ffdb000 JavaThread "Execution worker for ':' Thread 9" [_thread_blocked, id=23012, stack(0x0000000030b00000,0x0000000030c00000)]
  0x000000001ffe1000 JavaThread "Execution worker for ':' Thread 8" [_thread_blocked, id=10712, stack(0x0000000030a00000,0x0000000030b00000)]
  0x000000001ffe1800 JavaThread "Execution worker for ':' Thread 7" [_thread_blocked, id=21608, stack(0x0000000030900000,0x0000000030a00000)]
  0x000000001ffdf800 JavaThread "Execution worker for ':' Thread 6" [_thread_blocked, id=2492, stack(0x0000000030800000,0x0000000030900000)]
  0x000000001ffde800 JavaThread "Execution worker for ':' Thread 5" [_thread_blocked, id=17204, stack(0x0000000030700000,0x0000000030800000)]
  0x000000001ffde000 JavaThread "Execution worker for ':' Thread 4" [_thread_blocked, id=4016, stack(0x0000000030600000,0x0000000030700000)]
  0x000000001ffe0000 JavaThread "Execution worker for ':' Thread 3" [_thread_blocked, id=14168, stack(0x0000000030500000,0x0000000030600000)]
  0x000000001ffdd000 JavaThread "Execution worker for ':' Thread 2" [_thread_blocked, id=16952, stack(0x0000000030400000,0x0000000030500000)]
  0x000000001ffdc800 JavaThread "Execution worker for ':'" [_thread_blocked, id=14468, stack(0x00000000300d0000,0x00000000301d0000)]
  0x000000001ffda000 JavaThread "Cache worker for file content cache (D:\Document\Bangkit\Dicoding\Menjadi Android Developer Expert\MovieTvShowApp\.gradle\6.5\fileContent)" [_thread_blocked, id=11528, stack(0x000000002f950000,0x000000002fa50000)]
  0x000000001ffdb800 JavaThread "Memory manager" [_thread_blocked, id=21924, stack(0x0000000026390000,0x0000000026490000)]
  0x0000000020284000 JavaThread "pool-1-thread-1" [_thread_blocked, id=20912, stack(0x000000002aef0000,0x000000002aff0000)]
  0x0000000020283800 JavaThread "Cache worker for Build Output Cleanup Cache (D:\Document\Bangkit\Dicoding\Menjadi Android Developer Expert\MovieTvShowApp\.gradle\buildOutputCleanup)" [_thread_blocked, id=5992, stack(0x0000000026290000,0x0000000026390000)]
  0x0000000020281000 JavaThread "jar transforms Thread 114" [_thread_blocked, id=1444, stack(0x000000002d680000,0x000000002d780000)]
  0x000000002027f000 JavaThread "jar transforms Thread 113" [_thread_blocked, id=22068, stack(0x000000002d580000,0x000000002d680000)]
  0x000000002027f800 JavaThread "jar transforms Thread 112" [_thread_blocked, id=21984, stack(0x000000002d480000,0x000000002d580000)]
  0x0000000020282000 JavaThread "jar transforms Thread 111" [_thread_blocked, id=19244, stack(0x000000002d380000,0x000000002d480000)]
  0x0000000020282800 JavaThread "jar transforms Thread 110" [_thread_blocked, id=2012, stack(0x000000002d280000,0x000000002d380000)]
  0x000000002027e000 JavaThread "jar transforms Thread 109" [_thread_blocked, id=17008, stack(0x000000002d180000,0x000000002d280000)]
  0x0000000020280800 JavaThread "jar transforms Thread 108" [_thread_blocked, id=11616, stack(0x000000002d080000,0x000000002d180000)]
  0x0000000020276800 JavaThread "jar transforms Thread 107" [_thread_blocked, id=11560, stack(0x000000002cf80000,0x000000002d080000)]
  0x000000002027d800 JavaThread "jar transforms Thread 106" [_thread_blocked, id=17880, stack(0x000000002ce80000,0x000000002cf80000)]
  0x0000000020276000 JavaThread "jar transforms Thread 105" [_thread_blocked, id=12812, stack(0x000000002cd80000,0x000000002ce80000)]
  0x000000002027c800 JavaThread "jar transforms Thread 104" [_thread_blocked, id=16012, stack(0x000000002cc80000,0x000000002cd80000)]
  0x000000002027b000 JavaThread "jar transforms Thread 103" [_thread_blocked, id=13240, stack(0x000000002cb80000,0x000000002cc80000)]
  0x0000000020279800 JavaThread "jar transforms Thread 102" [_thread_blocked, id=7784, stack(0x000000002ca80000,0x000000002cb80000)]
  0x0000000020278000 JavaThread "jar transforms Thread 101" [_thread_blocked, id=11580, stack(0x000000002c980000,0x000000002ca80000)]
  0x000000002027a800 JavaThread "jar transforms Thread 100" [_thread_blocked, id=16120, stack(0x000000002c880000,0x000000002c980000)]
  0x0000000020275000 JavaThread "jar transforms Thread 99" [_thread_blocked, id=5064, stack(0x000000002c780000,0x000000002c880000)]
  0x0000000020277800 JavaThread "jar transforms Thread 98" [_thread_blocked, id=3628, stack(0x000000002c580000,0x000000002c680000)]
  0x0000000020279000 JavaThread "jar transforms Thread 97" [_thread_blocked, id=7432, stack(0x000000002c480000,0x000000002c580000)]
  0x000000002027c000 JavaThread "jar transforms Thread 96" [_thread_blocked, id=15544, stack(0x000000002c380000,0x000000002c480000)]
  0x0000000023a76800 JavaThread "jar transforms Thread 95" [_thread_blocked, id=14384, stack(0x000000002c280000,0x000000002c380000)]
  0x0000000023a75000 JavaThread "jar transforms Thread 94" [_thread_blocked, id=1160, stack(0x000000002c180000,0x000000002c280000)]
  0x0000000023a74800 JavaThread "jar transforms Thread 93" [_thread_blocked, id=16128, stack(0x000000002c080000,0x000000002c180000)]
  0x0000000023a73800 JavaThread "jar transforms Thread 92" [_thread_blocked, id=18456, stack(0x000000002bf80000,0x000000002c080000)]
  0x0000000023a77800 JavaThread "jar transforms Thread 91" [_thread_blocked, id=22296, stack(0x000000002be80000,0x000000002bf80000)]
  0x0000000023a73000 JavaThread "jar transforms Thread 90" [_thread_blocked, id=20132, stack(0x000000002bd80000,0x000000002be80000)]
  0x0000000023a76000 JavaThread "jar transforms Thread 89" [_thread_blocked, id=14500, stack(0x000000002bc80000,0x000000002bd80000)]
  0x0000000023a6b800 JavaThread "jar transforms Thread 88" [_thread_blocked, id=21736, stack(0x000000002bb80000,0x000000002bc80000)]
  0x0000000023a72000 JavaThread "jar transforms Thread 87" [_thread_blocked, id=16264, stack(0x000000002ba80000,0x000000002bb80000)]
  0x0000000023a71800 JavaThread "jar transforms Thread 86" [_thread_blocked, id=16456, stack(0x000000002b980000,0x000000002ba80000)]
  0x0000000023a6a000 JavaThread "jar transforms Thread 85" [_thread_blocked, id=5876, stack(0x000000002b880000,0x000000002b980000)]
  0x0000000023a70800 JavaThread "jar transforms Thread 84" [_thread_blocked, id=9496, stack(0x000000002b780000,0x000000002b880000)]
  0x0000000023a70000 JavaThread "jar transforms Thread 83" [_thread_blocked, id=12688, stack(0x000000002b680000,0x000000002b780000)]
  0x0000000023a6d000 JavaThread "jar transforms Thread 82" [_thread_blocked, id=11816, stack(0x000000002b580000,0x000000002b680000)]
  0x0000000023a6d800 JavaThread "jar transforms Thread 81" [_thread_blocked, id=21000, stack(0x000000002b480000,0x000000002b580000)]
  0x0000000023a6c000 JavaThread "jar transforms Thread 80" [_thread_blocked, id=13940, stack(0x000000002b380000,0x000000002b480000)]
  0x0000000023a68800 JavaThread "jar transforms Thread 79" [_thread_blocked, id=12328, stack(0x000000002b280000,0x000000002b380000)]
  0x0000000023a6f000 JavaThread "jar transforms Thread 78" [_thread_blocked, id=9636, stack(0x000000002b180000,0x000000002b280000)]
  0x0000000023a6a800 JavaThread "jar transforms Thread 77" [_thread_blocked, id=13788, stack(0x000000002b080000,0x000000002b180000)]
  0x0000000023a69000 JavaThread "jar transforms Thread 76" [_thread_blocked, id=17972, stack(0x0000000026190000,0x0000000026290000)]
  0x0000000023a6e800 JavaThread "jar transforms Thread 75" [_thread_blocked, id=10636, stack(0x000000002adf0000,0x000000002aef0000)]
  0x0000000023dde000 JavaThread "jar transforms Thread 74" [_thread_blocked, id=6248, stack(0x000000002acf0000,0x000000002adf0000)]
  0x0000000023ddd000 JavaThread "jar transforms Thread 73" [_thread_blocked, id=21580, stack(0x000000002abf0000,0x000000002acf0000)]
  0x0000000023ddc800 JavaThread "jar transforms Thread 72" [_thread_blocked, id=14396, stack(0x000000002aaf0000,0x000000002abf0000)]
  0x0000000023dde800 JavaThread "jar transforms Thread 71" [_thread_blocked, id=6428, stack(0x000000002a9f0000,0x000000002aaf0000)]
  0x0000000023ddb000 JavaThread "jar transforms Thread 70" [_thread_blocked, id=9592, stack(0x000000002a8f0000,0x000000002a9f0000)]
  0x0000000023dd5800 JavaThread "jar transforms Thread 69" [_thread_blocked, id=21628, stack(0x000000002a7f0000,0x000000002a8f0000)]
  0x0000000023dd8800 JavaThread "jar transforms Thread 68" [_thread_blocked, id=21376, stack(0x000000002a6f0000,0x000000002a7f0000)]
  0x0000000023ddb800 JavaThread "jar transforms Thread 67" [_thread_blocked, id=1292, stack(0x000000002a5f0000,0x000000002a6f0000)]
  0x0000000023dd9800 JavaThread "jar transforms Thread 66" [_thread_blocked, id=20236, stack(0x000000002a4f0000,0x000000002a5f0000)]
  0x0000000023dda000 JavaThread "jar transforms Thread 65" [_thread_blocked, id=9672, stack(0x000000002a3f0000,0x000000002a4f0000)]
  0x0000000023dd7000 JavaThread "jar transforms Thread 64" [_thread_blocked, id=16300, stack(0x000000002a2f0000,0x000000002a3f0000)]
  0x0000000023dd8000 JavaThread "jar transforms Thread 63" [_thread_blocked, id=9288, stack(0x000000002a1f0000,0x000000002a2f0000)]
  0x0000000023dcf800 JavaThread "jar transforms Thread 62" [_thread_blocked, id=9252, stack(0x000000002a0f0000,0x000000002a1f0000)]
  0x0000000023dd6800 JavaThread "jar transforms Thread 61" [_thread_blocked, id=16936, stack(0x0000000029ff0000,0x000000002a0f0000)]
  0x0000000023dd2800 JavaThread "jar transforms Thread 60" [_thread_blocked, id=16948, stack(0x0000000029ef0000,0x0000000029ff0000)]
  0x0000000023dd4800 JavaThread "jar transforms Thread 59" [_thread_blocked, id=8976, stack(0x0000000029df0000,0x0000000029ef0000)]
  0x0000000023dd3000 JavaThread "jar transforms Thread 58" [_thread_blocked, id=12304, stack(0x0000000029cf0000,0x0000000029df0000)]
  0x0000000023dd1000 JavaThread "jar transforms Thread 57" [_thread_blocked, id=15288, stack(0x0000000029bf0000,0x0000000029cf0000)]
  0x0000000023dd1800 JavaThread "jar transforms Thread 56" [_thread_blocked, id=12728, stack(0x0000000029af0000,0x0000000029bf0000)]
  0x0000000023dd4000 JavaThread "jar transforms Thread 55" [_thread_blocked, id=16336, stack(0x00000000299f0000,0x0000000029af0000)]
  0x0000000023dd0000 JavaThread "jar transforms Thread 54" [_thread_blocked, id=552, stack(0x00000000298f0000,0x00000000299f0000)]
  0x000000001fcef800 JavaThread "jar transforms Thread 53" [_thread_blocked, id=22772, stack(0x00000000297f0000,0x00000000298f0000)]
  0x000000001fcee000 JavaThread "jar transforms Thread 52" [_thread_blocked, id=19280, stack(0x00000000296f0000,0x00000000297f0000)]
  0x000000001fced000 JavaThread "jar transforms Thread 51" [_thread_blocked, id=15668, stack(0x00000000295f0000,0x00000000296f0000)]
  0x000000001fcec800 JavaThread "jar transforms Thread 50" [_thread_blocked, id=21880, stack(0x00000000294f0000,0x00000000295f0000)]
  0x000000001fcee800 JavaThread "jar transforms Thread 49" [_thread_blocked, id=12088, stack(0x00000000293f0000,0x00000000294f0000)]
  0x000000001fceb800 JavaThread "jar transforms Thread 48" [_thread_blocked, id=4460, stack(0x00000000292f0000,0x00000000293f0000)]
  0x000000001fceb000 JavaThread "jar transforms Thread 47" [_thread_blocked, id=17056, stack(0x00000000291f0000,0x00000000292f0000)]
  0x000000001fcea000 JavaThread "jar transforms Thread 46" [_thread_blocked, id=8552, stack(0x00000000290f0000,0x00000000291f0000)]
  0x000000001fce9800 JavaThread "jar transforms Thread 45" [_thread_blocked, id=16528, stack(0x0000000028ff0000,0x00000000290f0000)]
  0x000000001fce2000 JavaThread "jar transforms Thread 44" [_thread_blocked, id=13560, stack(0x0000000028ef0000,0x0000000028ff0000)]
  0x000000001fce8800 JavaThread "jar transforms Thread 43" [_thread_blocked, id=9168, stack(0x0000000028df0000,0x0000000028ef0000)]
  0x000000001fce8000 JavaThread "jar transforms Thread 42" [_thread_blocked, id=19252, stack(0x0000000028cf0000,0x0000000028df0000)]
  0x000000001fce7000 JavaThread "jar transforms Thread 41" [_thread_blocked, id=8528, stack(0x0000000028bf0000,0x0000000028cf0000)]
  0x000000001fce5000 JavaThread "jar transforms Thread 40" [_thread_blocked, id=22924, stack(0x0000000028af0000,0x0000000028bf0000)]
  0x000000001fce4000 JavaThread "jar transforms Thread 39" [_thread_blocked, id=17732, stack(0x00000000289f0000,0x0000000028af0000)]
  0x000000001fce5800 JavaThread "jar transforms Thread 38" [_thread_blocked, id=16468, stack(0x00000000288f0000,0x00000000289f0000)]
  0x000000001fce2800 JavaThread "jar transforms Thread 37" [_thread_blocked, id=14276, stack(0x00000000287f0000,0x00000000288f0000)]
  0x000000001fce0800 JavaThread "jar transforms Thread 36" [_thread_blocked, id=20768, stack(0x00000000286f0000,0x00000000287f0000)]
  0x000000001fce6800 JavaThread "jar transforms Thread 35" [_thread_blocked, id=9920, stack(0x00000000285f0000,0x00000000286f0000)]
  0x000000001fce1000 JavaThread "jar transforms Thread 34" [_thread_blocked, id=22272, stack(0x00000000284f0000,0x00000000285f0000)]
  0x000000001fce3800 JavaThread "jar transforms Thread 33" [_thread_blocked, id=15324, stack(0x00000000283f0000,0x00000000284f0000)]
  0x00000000230ce000 JavaThread "jar transforms Thread 32" [_thread_blocked, id=7700, stack(0x00000000282f0000,0x00000000283f0000)]
  0x00000000230cd800 JavaThread "jar transforms Thread 31" [_thread_blocked, id=23184, stack(0x00000000281f0000,0x00000000282f0000)]
  0x00000000230cc000 JavaThread "jar transforms Thread 30" [_thread_blocked, id=18500, stack(0x00000000280f0000,0x00000000281f0000)]
  0x00000000230cf800 JavaThread "jar transforms Thread 29" [_thread_blocked, id=3660, stack(0x0000000027ff0000,0x00000000280f0000)]
  0x00000000230d2000 JavaThread "jar transforms Thread 28" [_thread_blocked, id=13048, stack(0x0000000027ef0000,0x0000000027ff0000)]
  0x00000000230cf000 JavaThread "jar transforms Thread 27" [_thread_blocked, id=17344, stack(0x0000000027df0000,0x0000000027ef0000)]
  0x00000000230d0800 JavaThread "jar transforms Thread 26" [_thread_blocked, id=22660, stack(0x0000000027cf0000,0x0000000027df0000)]
  0x00000000230cc800 JavaThread "jar transforms Thread 25" [_thread_blocked, id=11460, stack(0x0000000027bf0000,0x0000000027cf0000)]
  0x00000000230d1000 JavaThread "jar transforms Thread 24" [_thread_blocked, id=12156, stack(0x0000000027af0000,0x0000000027bf0000)]
  0x00000000230c4000 JavaThread "jar transforms Thread 23" [_thread_blocked, id=4932, stack(0x00000000279f0000,0x0000000027af0000)]
  0x00000000230cb000 JavaThread "jar transforms Thread 22" [_thread_blocked, id=5776, stack(0x00000000278f0000,0x00000000279f0000)]
  0x00000000230c3800 JavaThread "jar transforms Thread 21" [_thread_blocked, id=9736, stack(0x00000000277f0000,0x00000000278f0000)]
  0x00000000230c6800 JavaThread "jar transforms Thread 20" [_thread_blocked, id=13132, stack(0x00000000276f0000,0x00000000277f0000)]
  0x00000000230c5000 JavaThread "jar transforms Thread 19" [_thread_blocked, id=9120, stack(0x00000000275f0000,0x00000000276f0000)]
  0x00000000230c6000 JavaThread "jar transforms Thread 18" [_thread_blocked, id=22280, stack(0x00000000274f0000,0x00000000275f0000)]
  0x00000000230ca800 JavaThread "jar transforms Thread 17" [_thread_blocked, id=7752, stack(0x00000000273f0000,0x00000000274f0000)]
  0x00000000230c2800 JavaThread "jar transforms Thread 16" [_thread_blocked, id=22400, stack(0x00000000272f0000,0x00000000273f0000)]
  0x00000000230c8000 JavaThread "jar transforms Thread 15" [_thread_blocked, id=11068, stack(0x00000000271f0000,0x00000000272f0000)]
  0x00000000230c9000 JavaThread "jar transforms Thread 14" [_thread_blocked, id=10480, stack(0x00000000270f0000,0x00000000271f0000)]
  0x00000000230c9800 JavaThread "jar transforms Thread 13" [_thread_blocked, id=3988, stack(0x0000000026ff0000,0x00000000270f0000)]
  0x00000000230c7800 JavaThread "jar transforms Thread 12" [_thread_blocked, id=12168, stack(0x0000000026ef0000,0x0000000026ff0000)]
  0x000000001c418800 JavaThread "jar transforms Thread 11" [_thread_blocked, id=19888, stack(0x0000000026df0000,0x0000000026ef0000)]
  0x000000001c417800 JavaThread "jar transforms Thread 10" [_thread_blocked, id=20704, stack(0x0000000026cf0000,0x0000000026df0000)]
  0x000000001c41b800 JavaThread "jar transforms Thread 9" [_thread_blocked, id=10860, stack(0x0000000026bf0000,0x0000000026cf0000)]
  0x000000001c41e800 JavaThread "jar transforms Thread 8" [_thread_blocked, id=1232, stack(0x0000000026af0000,0x0000000026bf0000)]
  0x000000001c41d800 JavaThread "jar transforms Thread 7" [_thread_blocked, id=19852, stack(0x00000000269f0000,0x0000000026af0000)]
  0x000000001c419000 JavaThread "jar transforms Thread 6" [_thread_blocked, id=21416, stack(0x00000000268f0000,0x00000000269f0000)]
  0x000000001c41a800 JavaThread "jar transforms Thread 5" [_thread_blocked, id=14216, stack(0x00000000267f0000,0x00000000268f0000)]
  0x000000001c41a000 JavaThread "jar transforms Thread 4" [_thread_blocked, id=17156, stack(0x00000000266f0000,0x00000000267f0000)]
  0x000000001c41d000 JavaThread "jar transforms Thread 3" [_thread_blocked, id=20600, stack(0x00000000265f0000,0x00000000266f0000)]
  0x000000001c41c000 JavaThread "jar transforms Thread 2" [_thread_blocked, id=13552, stack(0x00000000264f0000,0x00000000265f0000)]
  0x00000000214c5800 JavaThread "Build operations Thread 12" [_thread_in_Java, id=21708, stack(0x0000000026090000,0x0000000026190000)]
  0x00000000214c4800 JavaThread "Build operations Thread 11" [_thread_blocked, id=1612, stack(0x0000000025f90000,0x0000000026090000)]
  0x00000000214c6000 JavaThread "Build operations Thread 10" [_thread_blocked, id=5760, stack(0x0000000025e90000,0x0000000025f90000)]
  0x00000000214c7000 JavaThread "Build operations Thread 9" [_thread_in_Java, id=20144, stack(0x0000000025d90000,0x0000000025e90000)]
  0x00000000214c4000 JavaThread "Build operations Thread 8" [_thread_blocked, id=548, stack(0x0000000025c90000,0x0000000025d90000)]
  0x00000000214c3000 JavaThread "Build operations Thread 7" [_thread_in_Java, id=22252, stack(0x0000000025b90000,0x0000000025c90000)]
  0x00000000214c2800 JavaThread "Build operations Thread 6" [_thread_blocked, id=664, stack(0x0000000025a90000,0x0000000025b90000)]
  0x00000000214c7800 JavaThread "Build operations Thread 5" [_thread_in_native, id=13784, stack(0x0000000025990000,0x0000000025a90000)]
  0x00000000214bb000 JavaThread "Build operations Thread 4" [_thread_in_Java, id=10488, stack(0x0000000025890000,0x0000000025990000)]
  0x00000000214c1800 JavaThread "Build operations Thread 3" [_thread_in_Java, id=12312, stack(0x0000000025790000,0x0000000025890000)]
  0x00000000214ba000 JavaThread "Build operations Thread 2" [_thread_blocked, id=10852, stack(0x0000000025690000,0x0000000025790000)]
  0x00000000214c1000 JavaThread "Build operations" [_thread_blocked, id=22904, stack(0x0000000025320000,0x0000000025420000)]
  0x00000000214bc800 JavaThread "Cache worker for file content cache (C:\Users\Briliantino\.gradle\caches\6.5\fileContent)" [_thread_blocked, id=3968, stack(0x0000000024e20000,0x0000000024f20000)]
  0x00000000214bd000 JavaThread "jar transforms" [_thread_blocked, id=21452, stack(0x00000000236f0000,0x00000000237f0000)]
  0x00000000214bf800 JavaThread "Cache worker for execution history cache (C:\Users\Briliantino\.gradle\caches\6.5\executionHistory)" [_thread_blocked, id=19432, stack(0x00000000235f0000,0x00000000236f0000)]
  0x00000000214bb800 JavaThread "Cache worker for cache directory md-rule (C:\Users\Briliantino\.gradle\caches\6.5\md-rule)" [_thread_blocked, id=3840, stack(0x00000000234f0000,0x00000000235f0000)]
  0x000000001d5eb000 JavaThread "Cache worker for cache directory md-supplier (C:\Users\Briliantino\.gradle\caches\6.5\md-supplier)" [_thread_blocked, id=5784, stack(0x00000000233f0000,0x00000000234f0000)]
  0x000000001d5ea800 JavaThread "Cache worker for checksums cache (D:\Document\Bangkit\Dicoding\Menjadi Android Developer Expert\MovieTvShowApp\.gradle\checksums)" [_thread_blocked, id=15404, stack(0x0000000022240000,0x0000000022340000)]
  0x000000001d5e9800 JavaThread "Cache worker for file hash cache (D:\Document\Bangkit\Dicoding\Menjadi Android Developer Expert\MovieTvShowApp\.gradle\6.5\fileHashes)" [_thread_blocked, id=18320, stack(0x0000000021f30000,0x0000000022030000)]
  0x000000001d5e9000 JavaThread "Cache worker for file hash cache (C:\Users\Briliantino\.gradle\caches\6.5\fileHashes)" [_thread_blocked, id=19484, stack(0x000000001f9e0000,0x000000001fae0000)]
  0x000000001d5e8000 JavaThread "File lock request listener" [_thread_in_native, id=19468, stack(0x000000001f8e0000,0x000000001f9e0000)]
  0x000000001b9ae000 JavaThread "Cache worker for journal cache (C:\Users\Briliantino\.gradle\caches\journal-1)" [_thread_blocked, id=20380, stack(0x000000001f7e0000,0x000000001f8e0000)]
  0x000000001d77b000 JavaThread "Thread-9" [_thread_blocked, id=5792, stack(0x000000001f4e0000,0x000000001f5e0000)]
  0x000000001d60a800 JavaThread "Stdin handler" [_thread_blocked, id=3160, stack(0x000000001f3e0000,0x000000001f4e0000)]
  0x000000001d609800 JavaThread "Asynchronous log dispatcher for DefaultDaemonConnection: socket connection from /127.0.0.1:51777 to /127.0.0.1:51778" [_thread_blocked, id=4760, stack(0x000000001f2e0000,0x000000001f3e0000)]
  0x000000001d606000 JavaThread "Daemon worker" [_thread_blocked, id=13720, stack(0x000000001f1e0000,0x000000001f2e0000)]
  0x000000001d777000 JavaThread "Cancel handler" [_thread_blocked, id=23060, stack(0x000000001f0e0000,0x000000001f1e0000)]
  0x000000001d6b7800 JavaThread "Handler for socket connection from /127.0.0.1:51777 to /127.0.0.1:51778" [_thread_in_native, id=20592, stack(0x000000001ede0000,0x000000001eee0000)]
  0x000000001d631000 JavaThread "Daemon" [_thread_blocked, id=13768, stack(0x000000001ebe0000,0x000000001ece0000)]
  0x000000001d62f800 JavaThread "Daemon periodic checks" [_thread_blocked, id=18652, stack(0x000000001eae0000,0x000000001ebe0000)]
  0x000000001d64b800 JavaThread "Incoming local TCP Connector on port 51777" [_thread_in_native, id=13636, stack(0x000000001e8a0000,0x000000001e9a0000)]
  0x000000001d57e000 JavaThread "Daemon health stats" [_thread_blocked, id=22436, stack(0x000000001e260000,0x000000001e360000)]
  0x0000000019c8a000 JavaThread "Service Thread" daemon [_thread_blocked, id=22532, stack(0x000000001b6c0000,0x000000001b7c0000)]
  0x0000000019c74800 JavaThread "C1 CompilerThread3" daemon [_thread_blocked, id=22644, stack(0x000000001b5c0000,0x000000001b6c0000)]
  0x0000000019c73800 JavaThread "C2 CompilerThread2" daemon [_thread_in_native, id=18588, stack(0x000000001b4c0000,0x000000001b5c0000)]
  0x0000000019c6e800 JavaThread "C2 CompilerThread1" daemon [_thread_in_native, id=14240, stack(0x000000001b3c0000,0x000000001b4c0000)]
=>0x0000000019c67800 JavaThread "C2 CompilerThread0" daemon [_thread_in_native, id=14988, stack(0x000000001b2c0000,0x000000001b3c0000)]
  0x0000000019c63000 JavaThread "Attach Listener" daemon [_thread_blocked, id=22656, stack(0x000000001b1c0000,0x000000001b2c0000)]
  0x0000000019c61800 JavaThread "Signal Dispatcher" daemon [_thread_blocked, id=12804, stack(0x000000001b0c0000,0x000000001b1c0000)]
  0x000000000331a800 JavaThread "Finalizer" daemon [_thread_blocked, id=18104, stack(0x000000001aec0000,0x000000001afc0000)]
  0x0000000019c53000 JavaThread "Reference Handler" daemon [_thread_blocked, id=21268, stack(0x000000001adc0000,0x000000001aec0000)]
  0x0000000003222800 JavaThread "main" [_thread_blocked, id=18024, stack(0x0000000003120000,0x0000000003220000)]

Other Threads:
  0x0000000018586000 VMThread [stack: 0x000000001acc0000,0x000000001adc0000] [id=10136]
  0x0000000019c8c000 WatcherThread [stack: 0x000000001b7c0000,0x000000001b8c0000] [id=12076]

VM state:not at safepoint (normal execution)

VM Mutex/Monitor currently owned by a thread: None

heap address: 0x0000000080000000, size: 2048 MB, Compressed Oops mode: 32-bit
Narrow klass base: 0x0000000000000000, Narrow klass shift: 3
Compressed class space size: 1073741824 Address: 0x0000000100000000

Heap:
 PSYoungGen      total 562176K, used 316057K [0x00000000d5580000, 0x0000000100000000, 0x0000000100000000)
  eden space 435200K, 58% used [0x00000000d5580000,0x00000000e4c262f0,0x00000000efe80000)
  from space 126976K, 50% used [0x00000000f7580000,0x00000000fb3804b0,0x00000000ff180000)
  to   space 121856K, 0% used [0x00000000efe80000,0x00000000efe80000,0x00000000f7580000)
 ParOldGen       total 546304K, used 222464K [0x0000000080000000, 0x00000000a1580000, 0x00000000d5580000)
  object space 546304K, 40% used [0x0000000080000000,0x000000008d9402e8,0x00000000a1580000)
 Metaspace       used 82629K, capacity 86814K, committed 89752K, reserved 1126400K
  class space    used 11130K, capacity 11906K, committed 12720K, reserved 1048576K

Card table byte_map: [0x00000000126e0000,0x0000000012af0000] byte_map_base: 0x00000000122e0000

Marking Bits: (ParMarkBitMap*) 0x0000000054c8f030
 Begin Bits: [0x00000000137a0000, 0x00000000157a0000)
 End Bits:   [0x00000000157a0000, 0x00000000177a0000)

Polling page: 0x00000000017e0000

CodeCache: size=245760Kb used=42103Kb max_used=42103Kb free=203656Kb
 bounds [0x0000000003320000, 0x0000000005c70000, 0x0000000012320000]
 total_blobs=13446 nmethods=12624 adapters=732
 compilation: enabled

Compilation events (10 events):
Event: 18.009 Thread 0x0000000019c74800 15321  s    2       java.io.FileDescriptor::attach (73 bytes)
Event: 18.009 Thread 0x0000000019c74800 nmethod 15321 0x0000000005c63c90 code [0x0000000005c63e20, 0x0000000005c64388]
Event: 18.009 Thread 0x0000000019c74800 15318       1       java.util.stream.Streams$RangeIntSpliterator::characteristics (4 bytes)
Event: 18.009 Thread 0x0000000019c74800 nmethod 15318 0x0000000005c64690 code [0x0000000005c647e0, 0x0000000005c648f0]
Event: 18.010 Thread 0x0000000019c74800 15323       2       com.android.tools.r8.utils.R0::a (71 bytes)
Event: 18.011 Thread 0x0000000019c74800 nmethod 15323 0x0000000005c64950 code [0x0000000005c64b00, 0x0000000005c64f28]
Event: 18.013 Thread 0x0000000019c74800 15325       2       com.android.tools.r8.ir.optimize.info.t::p (14 bytes)
Event: 18.013 Thread 0x0000000019c74800 nmethod 15325 0x0000000005c65210 code [0x0000000005c65360, 0x0000000005c654d0]
Event: 18.015 Thread 0x0000000019c74800 15327       2       com.android.tools.r8.graph.O0::a (77 bytes)
Event: 18.016 Thread 0x0000000019c74800 nmethod 15327 0x0000000005c65550 code [0x0000000005c65720, 0x0000000005c65c98]

GC Heap History (10 events):
Event: 15.121 GC heap before
{Heap before GC invocations=33 (full 5):
 PSYoungGen      total 530944K, used 530573K [0x00000000d5580000, 0x0000000100000000, 0x0000000100000000)
  eden space 434688K, 100% used [0x00000000d5580000,0x00000000efe00000,0x00000000efe00000)
  from space 96256K, 99% used [0x00000000efe00000,0x00000000f5ba37f8,0x00000000f5c00000)
  to   space 138240K, 0% used [0x00000000f7900000,0x00000000f7900000,0x0000000100000000)
 ParOldGen       total 546304K, used 193654K [0x0000000080000000, 0x00000000a1580000, 0x00000000d5580000)
  object space 546304K, 35% used [0x0000000080000000,0x000000008bd1d928,0x00000000a1580000)
 Metaspace       used 82502K, capacity 86678K, committed 89496K, reserved 1126400K
  class space    used 11130K, capacity 11906K, committed 12720K, reserved 1048576K
Event: 15.157 GC heap after
Heap after GC invocations=33 (full 5):
 PSYoungGen      total 561152K, used 83511K [0x00000000d5580000, 0x0000000100000000, 0x0000000100000000)
  eden space 422912K, 0% used [0x00000000d5580000,0x00000000d5580000,0x00000000ef280000)
  from space 138240K, 60% used [0x00000000f7900000,0x00000000fca8de80,0x0000000100000000)
  to   space 137728K, 0% used [0x00000000ef280000,0x00000000ef280000,0x00000000f7900000)
 ParOldGen       total 546304K, used 199401K [0x0000000080000000, 0x00000000a1580000, 0x00000000d5580000)
  object space 546304K, 36% used [0x0000000080000000,0x000000008c2ba528,0x00000000a1580000)
 Metaspace       used 82502K, capacity 86678K, committed 89496K, reserved 1126400K
  class space    used 11130K, capacity 11906K, committed 12720K, reserved 1048576K
}
Event: 15.576 GC heap before
{Heap before GC invocations=34 (full 5):
 PSYoungGen      total 561152K, used 506423K [0x00000000d5580000, 0x0000000100000000, 0x0000000100000000)
  eden space 422912K, 100% used [0x00000000d5580000,0x00000000ef280000,0x00000000ef280000)
  from space 138240K, 60% used [0x00000000f7900000,0x00000000fca8de80,0x0000000100000000)
  to   space 137728K, 0% used [0x00000000ef280000,0x00000000ef280000,0x00000000f7900000)
 ParOldGen       total 546304K, used 199401K [0x0000000080000000, 0x00000000a1580000, 0x00000000d5580000)
  object space 546304K, 36% used [0x0000000080000000,0x000000008c2ba528,0x00000000a1580000)
 Metaspace       used 82502K, capacity 86678K, committed 89496K, reserved 1126400K
  class space    used 11130K, capacity 11906K, committed 12720K, reserved 1048576K
Event: 15.610 GC heap after
Heap after GC invocations=34 (full 5):
 PSYoungGen      total 503808K, used 80439K [0x00000000d5580000, 0x00000000ffc80000, 0x0000000100000000)
  eden space 422912K, 0% used [0x00000000d5580000,0x00000000d5580000,0x00000000ef280000)
  from space 80896K, 99% used [0x00000000ef280000,0x00000000f410dcf0,0x00000000f4180000)
  to   space 136192K, 0% used [0x00000000f7780000,0x00000000f7780000,0x00000000ffc80000)
 ParOldGen       total 546304K, used 205488K [0x0000000080000000, 0x00000000a1580000, 0x00000000d5580000)
  object space 546304K, 37% used [0x0000000080000000,0x000000008c8ac3c8,0x00000000a1580000)
 Metaspace       used 82502K, capacity 86678K, committed 89496K, reserved 1126400K
  class space    used 11130K, capacity 11906K, committed 12720K, reserved 1048576K
}
Event: 16.181 GC heap before
{Heap before GC invocations=35 (full 5):
 PSYoungGen      total 503808K, used 503351K [0x00000000d5580000, 0x00000000ffc80000, 0x0000000100000000)
  eden space 422912K, 100% used [0x00000000d5580000,0x00000000ef280000,0x00000000ef280000)
  from space 80896K, 99% used [0x00000000ef280000,0x00000000f410dcf0,0x00000000f4180000)
  to   space 136192K, 0% used [0x00000000f7780000,0x00000000f7780000,0x00000000ffc80000)
 ParOldGen       total 546304K, used 205488K [0x0000000080000000, 0x00000000a1580000, 0x00000000d5580000)
  object space 546304K, 37% used [0x0000000080000000,0x000000008c8ac3c8,0x00000000a1580000)
 Metaspace       used 82515K, capacity 86742K, committed 89752K, reserved 1126400K
  class space    used 11130K, capacity 11906K, committed 12720K, reserved 1048576K
Event: 16.219 GC heap after
Heap after GC invocations=35 (full 5):
 PSYoungGen      total 562688K, used 77087K [0x00000000d5580000, 0x0000000100000000, 0x0000000100000000)
  eden space 426496K, 0% used [0x00000000d5580000,0x00000000d5580000,0x00000000ef600000)
  from space 136192K, 56% used [0x00000000f7780000,0x00000000fc2c7c50,0x00000000ffc80000)
  to   space 132608K, 0% used [0x00000000ef600000,0x00000000ef600000,0x00000000f7780000)
 ParOldGen       total 546304K, used 210902K [0x0000000080000000, 0x00000000a1580000, 0x00000000d5580000)
  object space 546304K, 38% used [0x0000000080000000,0x000000008cdf5890,0x00000000a1580000)
 Metaspace       used 82515K, capacity 86742K, committed 89752K, reserved 1126400K
  class space    used 11130K, capacity 11906K, committed 12720K, reserved 1048576K
}
Event: 16.859 GC heap before
{Heap before GC invocations=36 (full 5):
 PSYoungGen      total 562688K, used 503583K [0x00000000d5580000, 0x0000000100000000, 0x0000000100000000)
  eden space 426496K, 100% used [0x00000000d5580000,0x00000000ef600000,0x00000000ef600000)
  from space 136192K, 56% used [0x00000000f7780000,0x00000000fc2c7c50,0x00000000ffc80000)
  to   space 132608K, 0% used [0x00000000ef600000,0x00000000ef600000,0x00000000f7780000)
 ParOldGen       total 546304K, used 210903K [0x0000000080000000, 0x00000000a1580000, 0x00000000d5580000)
  object space 546304K, 38% used [0x0000000080000000,0x000000008cdf5e10,0x00000000a1580000)
 Metaspace       used 82554K, capacity 86750K, committed 89752K, reserved 1126400K
  class space    used 11130K, capacity 11906K, committed 12720K, reserved 1048576K
Event: 16.903 GC heap after
Heap after GC invocations=36 (full 5):
 PSYoungGen      total 496640K, used 70058K [0x00000000d5580000, 0x00000000ff180000, 0x0000000100000000)
  eden space 426496K, 0% used [0x00000000d5580000,0x00000000d5580000,0x00000000ef600000)
  from space 70144K, 99% used [0x00000000ef600000,0x00000000f3a6ab38,0x00000000f3a80000)
  to   space 126976K, 0% used [0x00000000f7580000,0x00000000f7580000,0x00000000ff180000)
 ParOldGen       total 546304K, used 217307K [0x0000000080000000, 0x00000000a1580000, 0x00000000d5580000)
  object space 546304K, 39% used [0x0000000080000000,0x000000008d436f38,0x00000000a1580000)
 Metaspace       used 82554K, capacity 86750K, committed 89752K, reserved 1126400K
  class space    used 11130K, capacity 11906K, committed 12720K, reserved 1048576K
}
Event: 17.587 GC heap before
{Heap before GC invocations=37 (full 5):
 PSYoungGen      total 496640K, used 496554K [0x00000000d5580000, 0x00000000ff180000, 0x0000000100000000)
  eden space 426496K, 100% used [0x00000000d5580000,0x00000000ef600000,0x00000000ef600000)
  from space 70144K, 99% used [0x00000000ef600000,0x00000000f3a6ab38,0x00000000f3a80000)
  to   space 126976K, 0% used [0x00000000f7580000,0x00000000f7580000,0x00000000ff180000)
 ParOldGen       total 546304K, used 217311K [0x0000000080000000, 0x00000000a1580000, 0x00000000d5580000)
  object space 546304K, 39% used [0x0000000080000000,0x000000008d437ea8,0x00000000a1580000)
 Metaspace       used 82606K, capacity 86814K, committed 89752K, reserved 1126400K
  class space    used 11130K, capacity 11906K, committed 12720K, reserved 1048576K
Event: 17.627 GC heap after
Heap after GC invocations=37 (full 5):
 PSYoungGen      total 562176K, used 63489K [0x00000000d5580000, 0x0000000100000000, 0x0000000100000000)
  eden space 435200K, 0% used [0x00000000d5580000,0x00000000d5580000,0x00000000efe80000)
  from space 126976K, 50% used [0x00000000f7580000,0x00000000fb3804b0,0x00000000ff180000)
  to   space 121856K, 0% used [0x00000000efe80000,0x00000000efe80000,0x00000000f7580000)
 ParOldGen       total 546304K, used 222464K [0x0000000080000000, 0x00000000a1580000, 0x00000000d5580000)
  object space 546304K, 40% used [0x0000000080000000,0x000000008d9402e8,0x00000000a1580000)
 Metaspace       used 82606K, capacity 86814K, committed 89752K, reserved 1126400K
  class space    used 11130K, capacity 11906K, committed 12720K, reserved 1048576K
}

Deoptimization events (10 events):
Event: 13.220 Thread 0x00000000214c1800 Uncommon trap: reason=class_check action=maybe_recompile pc=0x00000000036af56c method=java.util.Collections$UnmodifiableList.get(I)Ljava/lang/Object; @ 5
Event: 13.220 Thread 0x00000000214c1800 Uncommon trap: reason=class_check action=maybe_recompile pc=0x00000000036af56c method=java.util.Collections$UnmodifiableList.get(I)Ljava/lang/Object; @ 5
Event: 13.220 Thread 0x00000000214c1800 Uncommon trap: reason=class_check action=maybe_recompile pc=0x0000000004b2d4c4 method=java.util.Collections$UnmodifiableList.get(I)Ljava/lang/Object; @ 5
Event: 13.293 Thread 0x00000000214c1800 Uncommon trap: reason=unstable_if action=reinterpret pc=0x0000000005b068a4 method=com.android.tools.r8.graph.i0.b(Lcom/android/tools/r8/graph/i0;)I @ 83
Event: 16.301 Thread 0x00000000214ba000 Uncommon trap: reason=unstable_if action=reinterpret pc=0x00000000050e5d68 method=java.util.PriorityQueue.remove(Ljava/lang/Object;)Z @ 8
Event: 17.862 Thread 0x00000000214c1000 Uncommon trap: reason=predicate action=maybe_recompile pc=0x0000000005367938 method=java.util.TimSort.binarySort([Ljava/lang/Object;IIILjava/util/Comparator;)V @ 37
Event: 17.985 Thread 0x00000000214c2800 Uncommon trap: reason=speculate_class_check action=maybe_recompile pc=0x00000000052d80cc method=com.android.tools.r8.ir.optimize.l.k(Lcom/android/tools/r8/s/b/X;)Z @ 237
Event: 17.986 Thread 0x00000000214c2800 Uncommon trap: reason=speculate_class_check action=maybe_recompile pc=0x00000000052d80cc method=com.android.tools.r8.ir.optimize.l.k(Lcom/android/tools/r8/s/b/X;)Z @ 237
Event: 17.987 Thread 0x00000000214c2800 Uncommon trap: reason=speculate_class_check action=maybe_recompile pc=0x00000000052d80cc method=com.android.tools.r8.ir.optimize.l.k(Lcom/android/tools/r8/s/b/X;)Z @ 237
Event: 17.988 Thread 0x00000000214c2800 Uncommon trap: reason=speculate_class_check action=maybe_recompile pc=0x00000000052d80cc method=com.android.tools.r8.ir.optimize.l.k(Lcom/android/tools/r8/s/b/X;)Z @ 237

Classes redefined (0 events):
No events

Internal exceptions (10 events):
Event: 17.951 Thread 0x00000000214c4000 Exception <a 'sun/nio/fs/WindowsException'> (0x00000000daf62530) thrown at [C:\src\AOSP-openjdk-git\hotspot\src\share\vm\prims\jni.cpp, line 710]
Event: 17.957 Thread 0x00000000214c7000 Exception <a 'sun/nio/fs/WindowsException'> (0x00000000dc4b9980) thrown at [C:\src\AOSP-openjdk-git\hotspot\src\share\vm\prims\jni.cpp, line 710]
Event: 17.961 Thread 0x00000000214c1800 Exception <a 'sun/nio/fs/WindowsException'> (0x00000000dc5f0160) thrown at [C:\src\AOSP-openjdk-git\hotspot\src\share\vm\prims\jni.cpp, line 710]
Event: 17.965 Thread 0x00000000214c5800 Exception <a 'sun/nio/fs/WindowsException'> (0x00000000dca40b90) thrown at [C:\src\AOSP-openjdk-git\hotspot\src\share\vm\prims\jni.cpp, line 710]
Event: 17.966 Thread 0x00000000214c2800 Exception <a 'sun/nio/fs/WindowsException'> (0x00000000dcf74ef8) thrown at [C:\src\AOSP-openjdk-git\hotspot\src\share\vm\prims\jni.cpp, line 710]
Event: 17.968 Thread 0x00000000214c4000 Exception <a 'sun/nio/fs/WindowsException'> (0x00000000dcd5b030) thrown at [C:\src\AOSP-openjdk-git\hotspot\src\share\vm\prims\jni.cpp, line 710]
Event: 17.972 Thread 0x00000000214c6000 Exception <a 'sun/nio/fs/WindowsException'> (0x00000000dd433578) thrown at [C:\src\AOSP-openjdk-git\hotspot\src\share\vm\prims\jni.cpp, line 710]
Event: 17.990 Thread 0x00000000214c6000 Exception <a 'sun/nio/fs/WindowsException'> (0x00000000dfb5a570) thrown at [C:\src\AOSP-openjdk-git\hotspot\src\share\vm\prims\jni.cpp, line 710]
Event: 17.993 Thread 0x00000000214bb000 Exception <a 'sun/nio/fs/WindowsException'> (0x00000000e031a178) thrown at [C:\src\AOSP-openjdk-git\hotspot\src\share\vm\prims\jni.cpp, line 710]
Event: 18.003 Thread 0x00000000214c2800 Exception <a 'sun/nio/fs/WindowsException'> (0x00000000e0e63830) thrown at [C:\src\AOSP-openjdk-git\hotspot\src\share\vm\prims\jni.cpp, line 710]

Events (10 events):
Event: 17.994 Thread 0x00000000214c6000 DEOPT PACKING pc=0x00000000049462ac sp=0x0000000025f8edb0
Event: 17.994 Thread 0x00000000214c6000 DEOPT UNPACKING pc=0x00000000033675d0 sp=0x0000000025f8ebd0 mode 0
Event: 18.000 Thread 0x00000000214c3000 DEOPT PACKING pc=0x0000000005331b87 sp=0x0000000025c8a2c0
Event: 18.000 Thread 0x00000000214c3000 DEOPT UNPACKING pc=0x00000000033675d0 sp=0x0000000025c8a1d0 mode 0
Event: 18.000 Thread 0x00000000214c7000 DEOPT PACKING pc=0x00000000051f580b sp=0x0000000025e89e80
Event: 18.000 Thread 0x00000000214c7000 DEOPT UNPACKING pc=0x00000000033675d0 sp=0x0000000025e89ec0 mode 0
Event: 18.001 Thread 0x00000000214c1800 DEOPT PACKING pc=0x0000000004f202d1 sp=0x0000000025889cf0
Event: 18.001 Thread 0x00000000214c1800 DEOPT UNPACKING pc=0x00000000033675d0 sp=0x0000000025889ab0 mode 0
Event: 18.008 Thread 0x00000000214c2800 DEOPT PACKING pc=0x00000000049462ac sp=0x0000000025b8eef0
Event: 18.008 Thread 0x00000000214c2800 DEOPT UNPACKING pc=0x00000000033675d0 sp=0x0000000025b8ed10 mode 0


Dynamic libraries:
0x00007ff7bc280000 - 0x00007ff7bc2b1000 	C:\Program Files\Android\Android Studio\jre\bin\java.exe
0x00007ffa6ab70000 - 0x00007ffa6ad65000 	C:\WINDOWS\SYSTEM32\ntdll.dll
0x00007ffa68de0000 - 0x00007ffa68e9d000 	C:\WINDOWS\System32\KERNEL32.DLL
0x00007ffa688a0000 - 0x00007ffa68b68000 	C:\WINDOWS\System32\KERNELBASE.dll
0x00007ffa6a940000 - 0x00007ffa6a9ec000 	C:\WINDOWS\System32\ADVAPI32.dll
0x00007ffa68ce0000 - 0x00007ffa68d7e000 	C:\WINDOWS\System32\msvcrt.dll
0x00007ffa69170000 - 0x00007ffa6920b000 	C:\WINDOWS\System32\sechost.dll
0x00007ffa6a9f0000 - 0x00007ffa6ab1b000 	C:\WINDOWS\System32\RPCRT4.dll
0x00007ffa692b0000 - 0x00007ffa69450000 	C:\WINDOWS\System32\USER32.dll
0x00007ffa68630000 - 0x00007ffa68652000 	C:\WINDOWS\System32\win32u.dll
0x00007ffa69940000 - 0x00007ffa6996a000 	C:\WINDOWS\System32\GDI32.dll
0x00007ffa68520000 - 0x00007ffa6862b000 	C:\WINDOWS\System32\gdi32full.dll
0x00007ffa68480000 - 0x00007ffa6851d000 	C:\WINDOWS\System32\msvcp_win.dll
0x00007ffa68380000 - 0x00007ffa68480000 	C:\WINDOWS\System32\ucrtbase.dll
0x00007ffa676d0000 - 0x00007ffa6796a000 	C:\WINDOWS\WinSxS\amd64_microsoft.windows.common-controls_6595b64144ccf1df_6.0.19041.844_none_ca00b6081b84eb1d\COMCTL32.dll
0x00007ffa69210000 - 0x00007ffa69240000 	C:\WINDOWS\System32\IMM32.DLL
0x00000000543e0000 - 0x00000000544b2000 	C:\Program Files\Android\Android Studio\jre\jre\bin\msvcr100.dll
0x00000000544c0000 - 0x0000000054d0b000 	C:\Program Files\Android\Android Studio\jre\jre\bin\server\jvm.dll
0x00007ffa69970000 - 0x00007ffa69978000 	C:\WINDOWS\System32\PSAPI.DLL
0x00007ffa448d0000 - 0x00007ffa448d9000 	C:\WINDOWS\SYSTEM32\WSOCK32.dll
0x00007ffa4bde0000 - 0x00007ffa4be07000 	C:\WINDOWS\SYSTEM32\WINMM.dll
0x00007ffa60920000 - 0x00007ffa6092a000 	C:\WINDOWS\SYSTEM32\VERSION.dll
0x00007ffa69240000 - 0x00007ffa692ab000 	C:\WINDOWS\System32\WS2_32.dll
0x00007ffa63650000 - 0x00007ffa6365f000 	C:\Program Files\Android\Android Studio\jre\jre\bin\verify.dll
0x00007ffa5f310000 - 0x00007ffa5f339000 	C:\Program Files\Android\Android Studio\jre\jre\bin\java.dll
0x00007ffa5fa50000 - 0x00007ffa5fa66000 	C:\Program Files\Android\Android Studio\jre\jre\bin\zip.dll
0x00007ffa69980000 - 0x00007ffa6a0c2000 	C:\WINDOWS\System32\SHELL32.dll
0x00007ffa65d90000 - 0x00007ffa66520000 	C:\WINDOWS\SYSTEM32\windows.storage.dll
0x00007ffa695d0000 - 0x00007ffa69925000 	C:\WINDOWS\System32\combase.dll
0x00007ffa67630000 - 0x00007ffa6765c000 	C:\WINDOWS\SYSTEM32\Wldp.dll
0x00007ffa68c30000 - 0x00007ffa68cde000 	C:\WINDOWS\System32\SHCORE.dll
0x00007ffa68bd0000 - 0x00007ffa68c25000 	C:\WINDOWS\System32\shlwapi.dll
0x00007ffa681f0000 - 0x00007ffa6820f000 	C:\WINDOWS\SYSTEM32\profapi.dll
0x00007ffa5f2f0000 - 0x00007ffa5f30a000 	C:\Program Files\Android\Android Studio\jre\jre\bin\net.dll
0x00007ffa67510000 - 0x00007ffa6757a000 	C:\WINDOWS\system32\mswsock.dll
0x00007ffa53400000 - 0x00007ffa53413000 	C:\Program Files\Android\Android Studio\jre\jre\bin\nio.dll
0x00007ffa4f8c0000 - 0x00007ffa4f8e7000 	C:\Users\Briliantino\.gradle\native\f6784746aeab05261644944871eae4fe03e0ef1612fff0a4a95f87b438bc6780\windows-amd64\native-platform.dll
0x00007ffa619a0000 - 0x00007ffa619ad000 	C:\Program Files\Android\Android Studio\jre\jre\bin\management.dll
0x00007ffa68040000 - 0x00007ffa68058000 	C:\WINDOWS\SYSTEM32\CRYPTSP.dll
0x00007ffa66d60000 - 0x00007ffa66d94000 	C:\WINDOWS\system32\rsaenh.dll
0x00007ffa68870000 - 0x00007ffa68897000 	C:\WINDOWS\System32\bcrypt.dll
0x00007ffa68170000 - 0x00007ffa6819e000 	C:\WINDOWS\SYSTEM32\USERENV.dll
0x00007ffa682b0000 - 0x00007ffa68330000 	C:\WINDOWS\System32\bcryptprimitives.dll
0x00007ffa675f0000 - 0x00007ffa675fc000 	C:\WINDOWS\SYSTEM32\CRYPTBASE.dll
0x00007ffa67090000 - 0x00007ffa670cb000 	C:\WINDOWS\SYSTEM32\IPHLPAPI.DLL
0x00007ffa6ab20000 - 0x00007ffa6ab28000 	C:\WINDOWS\System32\NSI.dll
0x00007ffa61170000 - 0x00007ffa61187000 	C:\WINDOWS\SYSTEM32\dhcpcsvc6.DLL
0x00007ffa61070000 - 0x00007ffa6108d000 	C:\WINDOWS\SYSTEM32\dhcpcsvc.DLL
0x00007ffa670d0000 - 0x00007ffa6719c000 	C:\WINDOWS\SYSTEM32\DNSAPI.dll
0x00007ffa60610000 - 0x00007ffa6061b000 	C:\WINDOWS\SYSTEM32\WINNSI.DLL

VM Arguments:
jvm_args: -Xmx2048m -Dfile.encoding=UTF-8 -Duser.country=ID -Duser.language=en -Duser.variant 
java_command: org.gradle.launcher.daemon.bootstrap.GradleDaemon 6.5
java_class_path (initial): C:\Users\Briliantino\.gradle\wrapper\dists\gradle-6.5-bin\6nifqtx7604sqp1q6g8wikw7p\gradle-6.5\lib\gradle-launcher-6.5.jar
Launcher Type: SUN_STANDARD

Environment Variables:
JAVA_HOME=C:\Program Files\Java\jdk-13.0.2
PATH=C:\Python39\Scripts\;C:\Python39\;C:\Program Files (x86)\Common Files\Intel\Shared Libraries\redist\intel64\compiler;C:\Program Files (x86)\Common Files\Intel\Shared Files\cpp\bin\Intel64;C:\Program Files (x86)\Common Files\Oracle\Java\javapath;C:\ProgramData\Anaconda3;C:\ProgramData\Anaconda3\Library\mingw-w64\bin;C:\ProgramData\Anaconda3\Library\usr\bin;C:\ProgramData\Anaconda3\Library\bin;C:\ProgramData\Anaconda3\Scripts;C:\windows\system32;C:\windows;C:\windows\System32\Wbem;C:\windows\System32\WindowsPowerShell\v1.0\;C:\windows\System32\OpenSSH\;C:\Program Files (x86)\NVIDIA Corporation\PhysX\Common;C:\Program Files\NVIDIA Corporation\NVIDIA NvDLISR;C:\Program Files\Microsoft VS Code\bin;C:\Program Files\Polyspace\R2019a\runtime\win64;C:\Program Files\Polyspace\R2019a\bin;C:\Program Files\Polyspace\R2019a\polyspace\bin;C:\Program Files\Java\jdk1.8.0_231\bin;C:\WINDOWS\system32;C:\WINDOWS;C:\WINDOWS\System32\Wbem;C:\WINDOWS\System32\WindowsPowerShell\v1.0\;C:\WINDOWS\System32\OpenSSH\;C:\ProgramData\ComposerSetup\bin;C:\Program Files\nodejs\;C:\ProgramData\chocolatey\bin;C:\Program Files\Gradle\gradle-6.6\bin;C:\xampp\php;C:\Users\Briliantino\AppData\Local\Programs\Python\Python38-32\;C:\Users\Briliantino\AppData\Local\Microsoft\WindowsApps;C:\Users\Briliantino\AppData\Roaming\Composer\vendor\bin;C:\Program Files\Java\jdk-13.0.2\bin;C:\Users\Briliantino\AppData\Local\GitHubDesktop\bin;C:\Users\Briliantino\AppData\Roaming\npm;C:\src\flutter\bin;C:\Windows\System32;C:\Program Files\Git\bin\git.exe;C:\Program Files\Git\cmd;;C:\Program Files\JetBrains\IntelliJ IDEA 2020.1.3\bin;
USERNAME=Briliantino
OS=Windows_NT
PROCESSOR_IDENTIFIER=Intel64 Family 6 Model 158 Stepping 10, GenuineIntel



---------------  S Y S T E M  ---------------

OS: Windows 10.0 , 64 bit Build 19041 (10.0.19041.928)

CPU:total 12 (initial active 12) (6 cores per cpu, 2 threads per core) family 6 model 158 stepping 10, cmov, cx8, fxsr, mmx, sse, sse2, sse3, ssse3, sse4.1, sse4.2, popcnt, avx, avx2, aes, clmul, erms, 3dnowpref, lzcnt, ht, tsc, tscinvbit, bmi1, bmi2, adx

Memory: 4k page, physical 16613556k(2880048k free), swap 23298216k(5316k free)

vm_info: OpenJDK 64-Bit Server VM (25.242-b01) for windows-amd64 JRE (1.8.0_242-release-1644-b01), built by "builder" with MS VC++ 10.0 (VS2010)

time: Wed May 26 10:58:05 2021
timezone: SE Asia Standard Time
elapsed time: 18 seconds (0d 0h 0m 18s)

